Extracting GBIF points
1300 records for taxonid 5959233
0 records for taxonid 106282949
0 records for taxonid 106817888
0 records for taxonid 107543140
0 records for taxonid 111385645
0 records for taxonid 116840945
0 records for taxonid 119143565
0 records for taxonid 124743890
0 records for taxonid 125828338
0 records for taxonid 126339803
0 records for taxonid 128267876
0 records for taxonid 138922901
1300 records in total
Cleaning GBIF points
10.4063, -83.9718 = CR
https://jot-mol-qualityapi.appspot.com/_ah/api/qualityapi/v1/geospatial/10.4063/-83.9718/CR/Ara ambiguus
10.4288, -84.0128 = CR
https://jot-mol-qualityapi.appspot.com/_ah/api/qualityapi/v1/geospatial/10.4288/-84.0128/CR/Ara ambiguus
10.6852, -84.1811 = CR
https://jot-mol-qualityapi.appspot.com/_ah/api/qualityapi/v1/geospatial/10.6852/-84.1811/CR/Ara ambiguus
10.4288, -84.0128 = CR
10.4288, -84.0128 = CR
10.4288, -84.0128 = CR
10.4288, -84.0128 = CR
10.6852, -84.1811 = CR
10.4063, -83.9718 = CR
10.6852, -84.1811 = CR
10.3505, -83.4209 = CR
https://jot-mol-qualityapi.appspot.com/_ah/api/qualityapi/v1/geospatial/10.3505/-83.4209/CR/Ara ambiguus
10.4288, -84.0128 = CR
10.6852, -84.1811 = CR
10.6852, -84.1811 = CR
10.4288, -84.0128 = CR
10.6852, -84.1811 = CR
10.6852, -84.1811 = CR
10.1293, -83.993 = CR
https://jot-mol-qualityapi.appspot.com/_ah/api/qualityapi/v1/geospatial/10.1293/-83.993/CR/Ara ambiguus
10.4486, -84.0815 = CR
https://jot-mol-qualityapi.appspot.com/_ah/api/qualityapi/v1/geospatial/10.4486/-84.0815/CR/Ara ambiguus
10.4288, -84.0128 = CR
10.4288, -84.0128 = CR
10.6852, -84.1811 = CR
10.4288, -84.0128 = CR
10.6852, -84.1811 = CR
10.6852, -84.1811 = CR
10.6852, -84.1811 = CR
10.6852, -84.1811 = CR
10.6852, -84.1811 = CR
10.6852, -84.1811 = CR
10.6852, -84.1811 = CR
10.2629, -83.9596 = CR
https://jot-mol-qualityapi.appspot.com/_ah/api/qualityapi/v1/geospatial/10.2629/-83.9596/CR/Ara ambiguus
10.6852, -84.1811 = CR
10.4486, -84.0815 = CR
10.6852, -84.1811 = CR
10.4288, -84.0128 = CR
10.4288, -84.0128 = CR
10.4288, -84.0128 = CR
10.6852, -84.1811 = CR
8.05991, -77.719 = PA
https://jot-mol-qualityapi.appspot.com/_ah/api/qualityapi/v1/geospatial/8.05991/-77.719/PA/Ara ambiguus
10.6852, -84.1811 = CR
10.6852, -84.1811 = CR
10.551, -84.1437 = CR
https://jot-mol-qualityapi.appspot.com/_ah/api/qualityapi/v1/geospatial/10.551/-84.1437/CR/Ara ambiguus
10.6852, -84.1811 = CR
10.6852, -84.1811 = CR
10.6852, -84.1811 = CR
10.4288, -84.0128 = CR
10.4344, -84.0023 = CR
https://jot-mol-qualityapi.appspot.com/_ah/api/qualityapi/v1/geospatial/10.4344/-84.0023/CR/Ara ambiguus
10.6852, -84.1811 = CR
10.6852, -84.1811 = CR
10.6852, -84.1811 = CR
10.6852, -84.1811 = CR
10.0063, -83.1087 = CR
https://jot-mol-qualityapi.appspot.com/_ah/api/qualityapi/v1/geospatial/10.0063/-83.1087/CR/Ara ambiguus
10.6852, -84.1811 = CR
10.6852, -84.1811 = CR
10.6864, -84.2062 = CR
https://jot-mol-qualityapi.appspot.com/_ah/api/qualityapi/v1/geospatial/10.6864/-84.2062/CR/Ara ambiguus
10.6852, -84.1811 = CR
10.4435, -84.0058 = CR
https://jot-mol-qualityapi.appspot.com/_ah/api/qualityapi/v1/geospatial/10.4435/-84.0058/CR/Ara ambiguus
10.4288, -84.0128 = CR
10.6852, -84.1811 = CR
10.6864, -84.2062 = CR
10.6852, -84.1811 = CR
10.6852, -84.1811 = CR
10.6852, -84.1811 = CR
10.6852, -84.1811 = CR
10.6864, -84.2062 = CR
10.4288, -84.0128 = CR
10.6852, -84.1811 = CR
10.5717, -83.5165 = CR
https://jot-mol-qualityapi.appspot.com/_ah/api/qualityapi/v1/geospatial/10.5717/-83.5165/CR/Ara ambiguus
10.6852, -84.1811 = CR
10.6852, -84.1811 = CR
10.6852, -84.1811 = CR
10.6852, -84.1811 = CR
10.6864, -84.2062 = CR
10.4288, -84.0128 = CR
10.6852, -84.1811 = CR
10.7534, -84.1254 = CR
https://jot-mol-qualityapi.appspot.com/_ah/api/qualityapi/v1/geospatial/10.7534/-84.1254/CR/Ara ambiguus
10.6852, -84.1811 = CR
10.6852, -84.1811 = CR
10.551, -84.1437 = CR
10.6864, -84.2062 = CR
10.4288, -84.0128 = CR
10.551, -84.1437 = CR
10.6852, -84.1811 = CR
10.6852, -84.1811 = CR
10.6852, -84.1811 = CR
10.6852, -84.1811 = CR
10.6852, -84.1811 = CR
10.4404, -84.0523 = CR
https://jot-mol-qualityapi.appspot.com/_ah/api/qualityapi/v1/geospatial/10.4404/-84.0523/CR/Ara ambiguus
10.6852, -84.1811 = CR
10.6852, -84.1811 = CR
10.551, -84.1437 = CR
10.4311, -84.0536 = CR
https://jot-mol-qualityapi.appspot.com/_ah/api/qualityapi/v1/geospatial/10.4311/-84.0536/CR/Ara ambiguus
10.6864, -84.2062 = CR
10.6852, -84.1811 = CR
10.3504, -83.9742 = CR
https://jot-mol-qualityapi.appspot.com/_ah/api/qualityapi/v1/geospatial/10.3504/-83.9742/CR/Ara ambiguus
10.6864, -84.2062 = CR
10.6997, -84.1969 = CR
https://jot-mol-qualityapi.appspot.com/_ah/api/qualityapi/v1/geospatial/10.6997/-84.1969/CR/Ara ambiguus
10.6852, -84.1811 = CR
6.08491, -77.401 = CO
https://jot-mol-qualityapi.appspot.com/_ah/api/qualityapi/v1/geospatial/6.08491/-77.401/CO/Ara ambiguus
10.5386, -83.5025 = CR
https://jot-mol-qualityapi.appspot.com/_ah/api/qualityapi/v1/geospatial/10.5386/-83.5025/CR/Ara ambiguus
10.6864, -84.2062 = CR
10.6864, -84.2062 = CR
10.5286, -83.5155 = CR
https://jot-mol-qualityapi.appspot.com/_ah/api/qualityapi/v1/geospatial/10.5286/-83.5155/CR/Ara ambiguus
10.4123, -84.1251 = CR
https://jot-mol-qualityapi.appspot.com/_ah/api/qualityapi/v1/geospatial/10.4123/-84.1251/CR/Ara ambiguus
10.7443, -83.8312 = CR
https://jot-mol-qualityapi.appspot.com/_ah/api/qualityapi/v1/geospatial/10.7443/-83.8312/CR/Ara ambiguus
10.4288, -84.0128 = CR
10.4288, -84.0128 = CR
10.4439, -84.0029 = CR
https://jot-mol-qualityapi.appspot.com/_ah/api/qualityapi/v1/geospatial/10.4439/-84.0029/CR/Ara ambiguus
10.4288, -84.0128 = CR
8.55951, -83.3371 = CR
https://jot-mol-qualityapi.appspot.com/_ah/api/qualityapi/v1/geospatial/8.55951/-83.3371/CR/Ara ambiguus
10.5257, -83.5138 = CR
https://jot-mol-qualityapi.appspot.com/_ah/api/qualityapi/v1/geospatial/10.5257/-83.5138/CR/Ara ambiguus
10.446, -84.0092 = CR
https://jot-mol-qualityapi.appspot.com/_ah/api/qualityapi/v1/geospatial/10.446/-84.0092/CR/Ara ambiguus
10.9269, -84.318 = NI
https://jot-mol-qualityapi.appspot.com/_ah/api/qualityapi/v1/geospatial/10.9269/-84.318/NI/Ara ambiguus
10.4473, -84.0406 = CR
https://jot-mol-qualityapi.appspot.com/_ah/api/qualityapi/v1/geospatial/10.4473/-84.0406/CR/Ara ambiguus
10.4288, -84.0128 = CR
10.4288, -84.0128 = CR
11.0746, -83.9012 = NI
https://jot-mol-qualityapi.appspot.com/_ah/api/qualityapi/v1/geospatial/11.0746/-83.9012/NI/Ara ambiguus
10.4156, -84.1208 = CR
https://jot-mol-qualityapi.appspot.com/_ah/api/qualityapi/v1/geospatial/10.4156/-84.1208/CR/Ara ambiguus
10.6864, -84.2062 = CR
10.4375, -84.0078 = CR
https://jot-mol-qualityapi.appspot.com/_ah/api/qualityapi/v1/geospatial/10.4375/-84.0078/CR/Ara ambiguus
10.9269, -84.318 = NI
10.446, -84.0092 = CR
10.4334, -84.0051 = CR
https://jot-mol-qualityapi.appspot.com/_ah/api/qualityapi/v1/geospatial/10.4334/-84.0051/CR/Ara ambiguus
10.4288, -84.0128 = CR
10.4123, -84.1251 = CR
10.4502, -84.0677 = CR
https://jot-mol-qualityapi.appspot.com/_ah/api/qualityapi/v1/geospatial/10.4502/-84.0677/CR/Ara ambiguus
10.4334, -84.0051 = CR
11.0746, -83.9012 = NI
10.4288, -84.0128 = CR
10.6864, -84.2062 = CR
10.7443, -83.8312 = CR
10.5386, -83.5025 = CR
10.4502, -84.0677 = CR
15.3493, -85.2491 = HN
https://jot-mol-qualityapi.appspot.com/_ah/api/qualityapi/v1/geospatial/15.3493/-85.2491/HN/Ara ambiguus
10.4502, -84.0677 = CR
10.4502, -84.0677 = CR
10.4502, -84.0677 = CR
11.0652, -84.3853 = NI
https://jot-mol-qualityapi.appspot.com/_ah/api/qualityapi/v1/geospatial/11.0652/-84.3853/NI/Ara ambiguus
11.041, -84.3777 = NI
https://jot-mol-qualityapi.appspot.com/_ah/api/qualityapi/v1/geospatial/11.041/-84.3777/NI/Ara ambiguus
10.4288, -84.0128 = CR
10.4288, -84.0128 = CR
10.4645, -84.0933 = CR
https://jot-mol-qualityapi.appspot.com/_ah/api/qualityapi/v1/geospatial/10.4645/-84.0933/CR/Ara ambiguus
15.3493, -85.2491 = HN
15.3493, -85.2491 = HN
10.4288, -84.0128 = CR
15.3493, -85.2491 = HN
10.4502, -84.0677 = CR
15.3493, -85.2491 = HN
10.5386, -83.5025 = CR
10.4502, -84.0677 = CR
10.4502, -84.0677 = CR
10.4502, -84.0677 = CR
11.0423, -84.4224 = NI
https://jot-mol-qualityapi.appspot.com/_ah/api/qualityapi/v1/geospatial/11.0423/-84.4224/NI/Ara ambiguus
10.4288, -84.0128 = CR
10.4806, -84.7651 = CR
https://jot-mol-qualityapi.appspot.com/_ah/api/qualityapi/v1/geospatial/10.4806/-84.7651/CR/Ara ambiguus
10.9167, -84.3127 = NI
https://jot-mol-qualityapi.appspot.com/_ah/api/qualityapi/v1/geospatial/10.9167/-84.3127/NI/Ara ambiguus
0.97105, -78.5555 = EC
https://jot-mol-qualityapi.appspot.com/_ah/api/qualityapi/v1/geospatial/0.97105/-78.5555/EC/Ara ambiguus
10.414, -83.9855 = CR
https://jot-mol-qualityapi.appspot.com/_ah/api/qualityapi/v1/geospatial/10.414/-83.9855/CR/Ara ambiguus
10.9743, -84.3383 = NI
https://jot-mol-qualityapi.appspot.com/_ah/api/qualityapi/v1/geospatial/10.9743/-84.3383/NI/Ara ambiguus
10.4288, -84.0128 = CR
10.7755, -84.1934 = CR
https://jot-mol-qualityapi.appspot.com/_ah/api/qualityapi/v1/geospatial/10.7755/-84.1934/CR/Ara ambiguus
10.4288, -84.0128 = CR
10.6852, -84.1811 = CR
10.4313, -84.0028 = CR
https://jot-mol-qualityapi.appspot.com/_ah/api/qualityapi/v1/geospatial/10.4313/-84.0028/CR/Ara ambiguus
10.4499, -84.0926 = CR
https://jot-mol-qualityapi.appspot.com/_ah/api/qualityapi/v1/geospatial/10.4499/-84.0926/CR/Ara ambiguus
10.5386, -83.5025 = CR
10.4502, -84.0677 = CR
10.4166, -84.1202 = CR
https://jot-mol-qualityapi.appspot.com/_ah/api/qualityapi/v1/geospatial/10.4166/-84.1202/CR/Ara ambiguus
7.35548, -80.7834 = PA
https://jot-mol-qualityapi.appspot.com/_ah/api/qualityapi/v1/geospatial/7.35548/-80.7834/PA/Ara ambiguus
10.4575, -84.0042 = CR
https://jot-mol-qualityapi.appspot.com/_ah/api/qualityapi/v1/geospatial/10.4575/-84.0042/CR/Ara ambiguus
9.92557, -84.0674 = CR
https://jot-mol-qualityapi.appspot.com/_ah/api/qualityapi/v1/geospatial/9.92557/-84.0674/CR/Ara ambiguus
10.5713, -83.5194 = CR
https://jot-mol-qualityapi.appspot.com/_ah/api/qualityapi/v1/geospatial/10.5713/-83.5194/CR/Ara ambiguus
10.4288, -84.0128 = CR
10.4502, -84.0677 = CR
10.4123, -84.1251 = CR
0.97105, -78.5555 = EC
10.4288, -84.0128 = CR
10.4502, -84.0677 = CR
10.5386, -83.5025 = CR
10.4288, -84.0128 = CR
10.4288, -84.0128 = CR
10.9743, -84.3383 = NI
10.3306, -84.02 = CR
https://jot-mol-qualityapi.appspot.com/_ah/api/qualityapi/v1/geospatial/10.3306/-84.02/CR/Ara ambiguus
10.4288, -84.0128 = CR
10.4502, -84.0677 = CR
10.4288, -84.0128 = CR
10.4502, -84.0677 = CR
10.5386, -83.5025 = CR
10.5386, -83.5025 = CR
10.5386, -83.5025 = CR
10.3306, -84.02 = CR
10.5722, -83.9033 = CR
https://jot-mol-qualityapi.appspot.com/_ah/api/qualityapi/v1/geospatial/10.5722/-83.9033/CR/Ara ambiguus
10.213, -83.8988 = CR
https://jot-mol-qualityapi.appspot.com/_ah/api/qualityapi/v1/geospatial/10.213/-83.8988/CR/Ara ambiguus
10.3165, -83.9928 = CR
https://jot-mol-qualityapi.appspot.com/_ah/api/qualityapi/v1/geospatial/10.3165/-83.9928/CR/Ara ambiguus
10.5722, -83.9033 = CR
10.5924, -83.5287 = CR
https://jot-mol-qualityapi.appspot.com/_ah/api/qualityapi/v1/geospatial/10.5924/-83.5287/CR/Ara ambiguus
10.5386, -83.5025 = CR
10.5924, -83.5287 = CR
10.4503, -84.0688 = CR
https://jot-mol-qualityapi.appspot.com/_ah/api/qualityapi/v1/geospatial/10.4503/-84.0688/CR/Ara ambiguus
10.3165, -83.9928 = CR
10.4512, -84.0094 = CR
https://jot-mol-qualityapi.appspot.com/_ah/api/qualityapi/v1/geospatial/10.4512/-84.0094/CR/Ara ambiguus
10.4502, -84.0677 = CR
10.5957, -83.525 = CR
https://jot-mol-qualityapi.appspot.com/_ah/api/qualityapi/v1/geospatial/10.5957/-83.525/CR/Ara ambiguus
10.5924, -83.5287 = CR
10.5924, -83.5287 = CR
10.4502, -84.0677 = CR
10.434, -84.0048 = CR
https://jot-mol-qualityapi.appspot.com/_ah/api/qualityapi/v1/geospatial/10.434/-84.0048/CR/Ara ambiguus
10.5718, -83.5194 = CR
https://jot-mol-qualityapi.appspot.com/_ah/api/qualityapi/v1/geospatial/10.5718/-83.5194/CR/Ara ambiguus
10.5873, -83.523 = CR
https://jot-mol-qualityapi.appspot.com/_ah/api/qualityapi/v1/geospatial/10.5873/-83.523/CR/Ara ambiguus
10.431, -84.0034 = CR
https://jot-mol-qualityapi.appspot.com/_ah/api/qualityapi/v1/geospatial/10.431/-84.0034/CR/Ara ambiguus
10.4288, -84.0128 = CR
10.434, -84.0048 = CR
10.4063, -83.9718 = CR
10.5853, -83.5219 = CR
https://jot-mol-qualityapi.appspot.com/_ah/api/qualityapi/v1/geospatial/10.5853/-83.5219/CR/Ara ambiguus
10.5574, -83.7383 = CR
https://jot-mol-qualityapi.appspot.com/_ah/api/qualityapi/v1/geospatial/10.5574/-83.7383/CR/Ara ambiguus
10.4645, -84.0933 = CR
10.4288, -84.0128 = CR
10.209, -83.8973 = CR
https://jot-mol-qualityapi.appspot.com/_ah/api/qualityapi/v1/geospatial/10.209/-83.8973/CR/Ara ambiguus
10.0676, -83.6298 = CR
https://jot-mol-qualityapi.appspot.com/_ah/api/qualityapi/v1/geospatial/10.0676/-83.6298/CR/Ara ambiguus
10.5558, -83.5098 = CR
https://jot-mol-qualityapi.appspot.com/_ah/api/qualityapi/v1/geospatial/10.5558/-83.5098/CR/Ara ambiguus
10.0676, -83.6298 = CR
10.4502, -84.0677 = CR
10.3649, -83.6475 = CR
https://jot-mol-qualityapi.appspot.com/_ah/api/qualityapi/v1/geospatial/10.3649/-83.6475/CR/Ara ambiguus
10.4288, -84.0128 = CR
10.434, -84.0048 = CR
10.4313, -84.005 = CR
https://jot-mol-qualityapi.appspot.com/_ah/api/qualityapi/v1/geospatial/10.4313/-84.005/CR/Ara ambiguus
10.1329, -83.6054 = CR
https://jot-mol-qualityapi.appspot.com/_ah/api/qualityapi/v1/geospatial/10.1329/-83.6054/CR/Ara ambiguus
10.1329, -83.6054 = CR
10.4419, -84.0239 = CR
https://jot-mol-qualityapi.appspot.com/_ah/api/qualityapi/v1/geospatial/10.4419/-84.0239/CR/Ara ambiguus
10.4592, -83.4705 = CR
https://jot-mol-qualityapi.appspot.com/_ah/api/qualityapi/v1/geospatial/10.4592/-83.4705/CR/Ara ambiguus
10.4288, -84.0128 = CR
10.4313, -84.005 = CR
10.4288, -84.0128 = CR
10.6852, -84.1811 = CR
10.4288, -84.0128 = CR
10.1828, -83.9161 = CR
https://jot-mol-qualityapi.appspot.com/_ah/api/qualityapi/v1/geospatial/10.1828/-83.9161/CR/Ara ambiguus
10.4288, -84.0128 = CR
10.4565, -84.0255 = CR
https://jot-mol-qualityapi.appspot.com/_ah/api/qualityapi/v1/geospatial/10.4565/-84.0255/CR/Ara ambiguus
10.4515, -84.0063 = CR
https://jot-mol-qualityapi.appspot.com/_ah/api/qualityapi/v1/geospatial/10.4515/-84.0063/CR/Ara ambiguus
10.4288, -84.0128 = CR
10.4565, -84.0255 = CR
10.1828, -83.9161 = CR
10.4565, -84.0255 = CR
10.4288, -84.0128 = CR
10.4288, -84.0128 = CR
10.4585, -83.9896 = CR
https://jot-mol-qualityapi.appspot.com/_ah/api/qualityapi/v1/geospatial/10.4585/-83.9896/CR/Ara ambiguus
10.4288, -84.0128 = CR
10.4513, -84.0697 = CR
https://jot-mol-qualityapi.appspot.com/_ah/api/qualityapi/v1/geospatial/10.4513/-84.0697/CR/Ara ambiguus
10.4288, -84.0128 = CR
10.4288, -84.0128 = CR
10.4288, -84.0128 = CR
10.4538, -84.0036 = CR
https://jot-mol-qualityapi.appspot.com/_ah/api/qualityapi/v1/geospatial/10.4538/-84.0036/CR/Ara ambiguus
10.4288, -84.0128 = CR
10.4288, -84.0128 = CR
10.4288, -84.0128 = CR
10.4513, -84.0697 = CR
10.4784, -84.7643 = CR
https://jot-mol-qualityapi.appspot.com/_ah/api/qualityapi/v1/geospatial/10.4784/-84.7643/CR/Ara ambiguus
10.4288, -84.0128 = CR
10.4288, -84.0128 = CR
10.4388, -84.005 = CR
https://jot-mol-qualityapi.appspot.com/_ah/api/qualityapi/v1/geospatial/10.4388/-84.005/CR/Ara ambiguus
10.4388, -84.005 = CR
10.4553, -84.0018 = CR
https://jot-mol-qualityapi.appspot.com/_ah/api/qualityapi/v1/geospatial/10.4553/-84.0018/CR/Ara ambiguus
10.4433, -84.0063 = CR
https://jot-mol-qualityapi.appspot.com/_ah/api/qualityapi/v1/geospatial/10.4433/-84.0063/CR/Ara ambiguus
10.4288, -84.0128 = CR
10.4156, -84.1208 = CR
10.4502, -84.0677 = CR
10.5157, -83.5049 = CR
https://jot-mol-qualityapi.appspot.com/_ah/api/qualityapi/v1/geospatial/10.5157/-83.5049/CR/Ara ambiguus
10.4288, -84.0128 = CR
10.2717, -84.18 = CR
https://jot-mol-qualityapi.appspot.com/_ah/api/qualityapi/v1/geospatial/10.2717/-84.18/CR/Ara ambiguus
10.4288, -84.0128 = CR
10.4288, -84.0128 = CR
10.4288, -84.0128 = CR
10.4516, -84.1211 = CR
https://jot-mol-qualityapi.appspot.com/_ah/api/qualityapi/v1/geospatial/10.4516/-84.1211/CR/Ara ambiguus
10.4525, -84.0162 = CR
https://jot-mol-qualityapi.appspot.com/_ah/api/qualityapi/v1/geospatial/10.4525/-84.0162/CR/Ara ambiguus
10.4502, -84.0677 = CR
10.4288, -84.0128 = CR
9.98549, -84.261 = CR
https://jot-mol-qualityapi.appspot.com/_ah/api/qualityapi/v1/geospatial/9.98549/-84.261/CR/Ara ambiguus
10.4288, -84.0128 = CR
10.4288, -84.0128 = CR
10.4288, -84.0128 = CR
10.4288, -84.0128 = CR
10.6864, -84.2062 = CR
10.4288, -84.0128 = CR
10.434, -84.0048 = CR
10.6864, -84.2062 = CR
10.4652, -84.1141 = CR
https://jot-mol-qualityapi.appspot.com/_ah/api/qualityapi/v1/geospatial/10.4652/-84.1141/CR/Ara ambiguus
10.5386, -83.5025 = CR
10.5386, -83.5025 = CR
10.4288, -84.0128 = CR
10.4288, -84.0128 = CR
10.4288, -84.0128 = CR
10.455, -84.0585 = CR
https://jot-mol-qualityapi.appspot.com/_ah/api/qualityapi/v1/geospatial/10.455/-84.0585/CR/Ara ambiguus
10.2817, -84.0449 = CR
https://jot-mol-qualityapi.appspot.com/_ah/api/qualityapi/v1/geospatial/10.2817/-84.0449/CR/Ara ambiguus
10.6864, -84.2062 = CR
10.4288, -84.0128 = CR
10.4288, -84.0128 = CR
10.4288, -84.0128 = CR
10.6864, -84.2062 = CR
10.6864, -84.2062 = CR
10.4288, -84.0128 = CR
10.4288, -84.0128 = CR
10.6864, -84.2062 = CR
10.4502, -84.0677 = CR
10.4359, -84.0447 = CR
https://jot-mol-qualityapi.appspot.com/_ah/api/qualityapi/v1/geospatial/10.4359/-84.0447/CR/Ara ambiguus
11.0046, -84.377 = NI
https://jot-mol-qualityapi.appspot.com/_ah/api/qualityapi/v1/geospatial/11.0046/-84.377/NI/Ara ambiguus
10.4502, -84.0677 = CR
10.4288, -84.0128 = CR
10.4288, -84.0128 = CR
10.4288, -84.0128 = CR
10.4532, -84.0029 = CR
https://jot-mol-qualityapi.appspot.com/_ah/api/qualityapi/v1/geospatial/10.4532/-84.0029/CR/Ara ambiguus
10.4532, -84.0029 = CR
10.3306, -84.02 = CR
10.4288, -84.0128 = CR
7.267, -80.484 = PA
https://jot-mol-qualityapi.appspot.com/_ah/api/qualityapi/v1/geospatial/7.267/-80.484/PA/Ara ambiguus
7.267, -80.484 = PA
10.3306, -84.02 = CR
10.4288, -84.0128 = CR
10.3306, -84.02 = CR
10.6809, -83.9287 = CR
https://jot-mol-qualityapi.appspot.com/_ah/api/qualityapi/v1/geospatial/10.6809/-83.9287/CR/Ara ambiguus
10.6767, -84.2238 = CR
https://jot-mol-qualityapi.appspot.com/_ah/api/qualityapi/v1/geospatial/10.6767/-84.2238/CR/Ara ambiguus
10.3617, -84.104 = CR
https://jot-mol-qualityapi.appspot.com/_ah/api/qualityapi/v1/geospatial/10.3617/-84.104/CR/Ara ambiguus
10.319, -84.0232 = CR
https://jot-mol-qualityapi.appspot.com/_ah/api/qualityapi/v1/geospatial/10.319/-84.0232/CR/Ara ambiguus
10.4767, -84.6449 = CR
https://jot-mol-qualityapi.appspot.com/_ah/api/qualityapi/v1/geospatial/10.4767/-84.6449/CR/Ara ambiguus
10.4502, -84.0677 = CR
10.4288, -84.0128 = CR
10.4288, -84.0128 = CR
10.4288, -84.0128 = CR
14.9958, -84.8905 = HN
https://jot-mol-qualityapi.appspot.com/_ah/api/qualityapi/v1/geospatial/14.9958/-84.8905/HN/Ara ambiguus
10.3306, -84.02 = CR
10.4123, -84.1251 = CR
10.264, -83.9361 = CR
https://jot-mol-qualityapi.appspot.com/_ah/api/qualityapi/v1/geospatial/10.264/-83.9361/CR/Ara ambiguus
10.4123, -84.1251 = CR
10.4123, -84.1251 = CR
9.90461, -84.1143 = CR
https://jot-mol-qualityapi.appspot.com/_ah/api/qualityapi/v1/geospatial/9.90461/-84.1143/CR/Ara ambiguus
10.4288, -84.0128 = CR
10.4502, -84.0677 = CR
10.0676, -83.6298 = CR
10.6852, -84.1811 = CR
10.3313, -84.2473 = CR
https://jot-mol-qualityapi.appspot.com/_ah/api/qualityapi/v1/geospatial/10.3313/-84.2473/CR/Ara ambiguus
10.4123, -84.1251 = CR
10.4288, -84.0128 = CR
10.4288, -84.0128 = CR
10.4288, -84.0128 = CR
10.4288, -84.0128 = CR
10.4288, -84.0128 = CR
10.2435, -84.1725 = CR
https://jot-mol-qualityapi.appspot.com/_ah/api/qualityapi/v1/geospatial/10.2435/-84.1725/CR/Ara ambiguus
10.4123, -84.1251 = CR
10.3306, -84.02 = CR
10.4209, -84.0206 = CR
https://jot-mol-qualityapi.appspot.com/_ah/api/qualityapi/v1/geospatial/10.4209/-84.0206/CR/Ara ambiguus
10.4288, -84.0128 = CR
10.4288, -84.0128 = CR
10.4645, -84.0933 = CR
10.5386, -83.5025 = CR
10.5924, -83.5287 = CR
10.4502, -84.0677 = CR
11.1437, -84.4279 = NI
https://jot-mol-qualityapi.appspot.com/_ah/api/qualityapi/v1/geospatial/11.1437/-84.4279/NI/Ara ambiguus
10.5386, -83.5025 = CR
10.4288, -84.0128 = CR
10.3306, -84.02 = CR
11.1357, -84.44 = NI
https://jot-mol-qualityapi.appspot.com/_ah/api/qualityapi/v1/geospatial/11.1357/-84.44/NI/Ara ambiguus
11.1357, -84.44 = NI
10.5924, -83.5287 = CR
10.2613, -84.1584 = CR
https://jot-mol-qualityapi.appspot.com/_ah/api/qualityapi/v1/geospatial/10.2613/-84.1584/CR/Ara ambiguus
10.6852, -84.1811 = CR
10.9836, -84.3427 = NI
https://jot-mol-qualityapi.appspot.com/_ah/api/qualityapi/v1/geospatial/10.9836/-84.3427/NI/Ara ambiguus
10.9836, -84.3427 = NI
10.4288, -84.0128 = CR
10.9836, -84.3427 = NI
10.9743, -84.3383 = NI
10.4288, -84.0128 = CR
10.9836, -84.3427 = NI
10.9743, -84.3383 = NI
10.4156, -84.1208 = CR
10.7859, -84.1918 = CR
https://jot-mol-qualityapi.appspot.com/_ah/api/qualityapi/v1/geospatial/10.7859/-84.1918/CR/Ara ambiguus
10.9743, -84.3383 = NI
14.4264, -85.2894 = HN
https://jot-mol-qualityapi.appspot.com/_ah/api/qualityapi/v1/geospatial/14.4264/-85.2894/HN/Ara ambiguus
10.9836, -84.3427 = NI
10.9836, -84.3427 = NI
10.6852, -84.1811 = CR
10.5719, -83.5194 = CR
https://jot-mol-qualityapi.appspot.com/_ah/api/qualityapi/v1/geospatial/10.5719/-83.5194/CR/Ara ambiguus
10.6852, -84.1811 = CR
10.0842, -84.0099 = CR
https://jot-mol-qualityapi.appspot.com/_ah/api/qualityapi/v1/geospatial/10.0842/-84.0099/CR/Ara ambiguus
10.9743, -84.3383 = NI
10.9743, -84.3383 = NI
10.4288, -84.0128 = CR
10.5386, -83.5025 = CR
10.5386, -83.5025 = CR
10.6852, -84.1811 = CR
10.4288, -84.0128 = CR
10.6852, -84.1811 = CR
10.4288, -84.0128 = CR
10.4288, -84.0128 = CR
10.449, -84.0926 = CR
https://jot-mol-qualityapi.appspot.com/_ah/api/qualityapi/v1/geospatial/10.449/-84.0926/CR/Ara ambiguus
10.6864, -84.2062 = CR
7.49524, -76.8528 = CO
https://jot-mol-qualityapi.appspot.com/_ah/api/qualityapi/v1/geospatial/7.49524/-76.8528/CO/Ara ambiguus
10.4156, -84.1208 = CR
10.15, -83.95 = CR
https://jot-mol-qualityapi.appspot.com/_ah/api/qualityapi/v1/geospatial/10.15/-83.95/CR/Ara ambiguus
10.4313, -84.0039 = CR
https://jot-mol-qualityapi.appspot.com/_ah/api/qualityapi/v1/geospatial/10.4313/-84.0039/CR/Ara ambiguus
10.4288, -84.0128 = CR
10.4313, -84.0041 = CR
https://jot-mol-qualityapi.appspot.com/_ah/api/qualityapi/v1/geospatial/10.4313/-84.0041/CR/Ara ambiguus
10.5262, -83.6278 = CR
https://jot-mol-qualityapi.appspot.com/_ah/api/qualityapi/v1/geospatial/10.5262/-83.6278/CR/Ara ambiguus
10.4156, -84.1208 = CR
10.6864, -84.2062 = CR
7.49524, -76.8528 = CO
10.455, -84.005 = CR
https://jot-mol-qualityapi.appspot.com/_ah/api/qualityapi/v1/geospatial/10.455/-84.005/CR/Ara ambiguus
10.455, -84.005 = CR
10.4288, -84.0128 = CR
10.4502, -84.0677 = CR
10.4288, -84.0128 = CR
10.4288, -84.0128 = CR
10.4288, -84.0128 = CR
10.4433, -84.0063 = CR
10.4288, -84.0128 = CR
10.4288, -84.0128 = CR
10.4288, -84.0128 = CR
10.4502, -84.0677 = CR
10.4288, -84.0128 = CR
10.4288, -84.0128 = CR
10.4288, -84.0128 = CR
10.4288, -84.0128 = CR
10.4288, -84.0128 = CR
10.4405, -84.0688 = CR
https://jot-mol-qualityapi.appspot.com/_ah/api/qualityapi/v1/geospatial/10.4405/-84.0688/CR/Ara ambiguus
10.4288, -84.0128 = CR
10.4645, -84.0933 = CR
10.6864, -84.2062 = CR
10.4288, -84.0128 = CR
10.4063, -83.9718 = CR
10.6864, -84.2062 = CR
10.4409, -84.0061 = CR
https://jot-mol-qualityapi.appspot.com/_ah/api/qualityapi/v1/geospatial/10.4409/-84.0061/CR/Ara ambiguus
10.4377, -84.0047 = CR
https://jot-mol-qualityapi.appspot.com/_ah/api/qualityapi/v1/geospatial/10.4377/-84.0047/CR/Ara ambiguus
10.4288, -84.0128 = CR
10.4288, -84.0128 = CR
10.9743, -84.3383 = NI
10.4288, -84.0128 = CR
10.4288, -84.0128 = CR
10.6864, -84.2062 = CR
10.4502, -84.0677 = CR
10.4288, -84.0128 = CR
10.4288, -84.0128 = CR
10.4288, -84.0128 = CR
10.4288, -84.0128 = CR
10.4288, -84.0128 = CR
10.6852, -84.1811 = CR
10.4288, -84.0128 = CR
10.4288, -84.0128 = CR
10.4288, -84.0128 = CR
10.4288, -84.0128 = CR
10.6852, -84.1811 = CR
10.4288, -84.0128 = CR
10.4288, -84.0128 = CR
10.4288, -84.0128 = CR
10.4288, -84.0128 = CR
10.6852, -84.1811 = CR
10.4288, -84.0128 = CR
10.4359, -84.0447 = CR
10.4257, -84.0262 = CR
https://jot-mol-qualityapi.appspot.com/_ah/api/qualityapi/v1/geospatial/10.4257/-84.0262/CR/Ara ambiguus
10.4288, -84.0128 = CR
10.4288, -84.0128 = CR
10.4288, -84.0128 = CR
10.4288, -84.0128 = CR
10.4288, -84.0128 = CR
10.4288, -84.0128 = CR
10.4288, -84.0128 = CR
10.4288, -84.0128 = CR
10.4502, -84.0677 = CR
10.4505, -84.0687 = CR
https://jot-mol-qualityapi.appspot.com/_ah/api/qualityapi/v1/geospatial/10.4505/-84.0687/CR/Ara ambiguus
10.6864, -84.2062 = CR
10.4502, -84.0677 = CR
10.4502, -84.0677 = CR
10.5386, -83.5025 = CR
10.4433, -84.0117 = CR
https://jot-mol-qualityapi.appspot.com/_ah/api/qualityapi/v1/geospatial/10.4433/-84.0117/CR/Ara ambiguus
10.5386, -83.5025 = CR
10.4288, -84.0128 = CR
11.0046, -84.377 = NI
10.4288, -84.0128 = CR
10.4359, -84.0447 = CR
10.4654, -84.0787 = CR
https://jot-mol-qualityapi.appspot.com/_ah/api/qualityapi/v1/geospatial/10.4654/-84.0787/CR/Ara ambiguus
10.4288, -84.0128 = CR
10.4288, -84.0128 = CR
10.4288, -84.0128 = CR
10.4645, -84.0933 = CR
10.4288, -84.0128 = CR
10.749, -84.1951 = CR
https://jot-mol-qualityapi.appspot.com/_ah/api/qualityapi/v1/geospatial/10.749/-84.1951/CR/Ara ambiguus
10.4314, -84.0043 = CR
https://jot-mol-qualityapi.appspot.com/_ah/api/qualityapi/v1/geospatial/10.4314/-84.0043/CR/Ara ambiguus
10.4572, -84.0807 = CR
https://jot-mol-qualityapi.appspot.com/_ah/api/qualityapi/v1/geospatial/10.4572/-84.0807/CR/Ara ambiguus
10.4288, -84.0128 = CR
10.4502, -84.0677 = CR
10.4549, -84.037 = CR
https://jot-mol-qualityapi.appspot.com/_ah/api/qualityapi/v1/geospatial/10.4549/-84.037/CR/Ara ambiguus
10.4502, -84.0677 = CR
10.57132, -83.51952 = CR
https://jot-mol-qualityapi.appspot.com/_ah/api/qualityapi/v1/geospatial/10.57132/-83.51952/CR/Ara ambiguus
10.4502, -84.0677 = CR
10.4288, -84.0128 = CR
10.6864, -84.2062 = CR
10.5386, -83.5025 = CR
-2.18118, -80.0211 = EC
https://jot-mol-qualityapi.appspot.com/_ah/api/qualityapi/v1/geospatial/-2.18118/-80.0211/EC/Ara ambiguus
10.4549, -84.037 = CR
10.9743, -84.3383 = NI
10.9743, -84.3383 = NI
10.9667, -84.332 = NI
https://jot-mol-qualityapi.appspot.com/_ah/api/qualityapi/v1/geospatial/10.9667/-84.332/NI/Ara ambiguus
10.9743, -84.3383 = NI
10.5386, -83.5025 = CR
10.4688, -83.9993 = CR
https://jot-mol-qualityapi.appspot.com/_ah/api/qualityapi/v1/geospatial/10.4688/-83.9993/CR/Ara ambiguus
10.9743, -84.3383 = NI
10.9743, -84.3383 = NI
10.9743, -84.3383 = NI
10.4288, -84.0128 = CR
10.9743, -84.3383 = NI
10.9743, -84.3383 = NI
10.9743, -84.3383 = NI
10.9743, -84.3383 = NI
10.9743, -84.3383 = NI
10.9667, -84.332 = NI
10.9743, -84.3383 = NI
10.4288, -84.0128 = CR
10.9667, -84.332 = NI
10.9743, -84.3383 = NI
10.3306, -84.02 = CR
10.4288, -84.0128 = CR
10.4288, -84.0128 = CR
10.4502, -84.0677 = CR
10.4288, -84.0128 = CR
8.04631, -77.8837 = PA
https://jot-mol-qualityapi.appspot.com/_ah/api/qualityapi/v1/geospatial/8.04631/-77.8837/PA/Ara ambiguus
10.5155, -83.4933 = CR
https://jot-mol-qualityapi.appspot.com/_ah/api/qualityapi/v1/geospatial/10.5155/-83.4933/CR/Ara ambiguus
10.4288, -84.0128 = CR
10.4288, -84.0128 = CR
10.4502, -84.0677 = CR
7.77403, -77.7339 = PA
https://jot-mol-qualityapi.appspot.com/_ah/api/qualityapi/v1/geospatial/7.77403/-77.7339/PA/Ara ambiguus
7.75775, -77.6842 = PA
https://jot-mol-qualityapi.appspot.com/_ah/api/qualityapi/v1/geospatial/7.75775/-77.6842/PA/Ara ambiguus
8.04631, -77.8837 = PA
10.4502, -84.0677 = CR
10.4565, -84.2801 = CR
https://jot-mol-qualityapi.appspot.com/_ah/api/qualityapi/v1/geospatial/10.4565/-84.2801/CR/Ara ambiguus
10.4288, -84.0128 = CR
8.04631, -77.8837 = PA
8.04631, -77.8837 = PA
8.04631, -77.8837 = PA
10.4553, -84.0017 = CR
https://jot-mol-qualityapi.appspot.com/_ah/api/qualityapi/v1/geospatial/10.4553/-84.0017/CR/Ara ambiguus
10.4288, -84.0128 = CR
6.18152, -77.3705 = CO
https://jot-mol-qualityapi.appspot.com/_ah/api/qualityapi/v1/geospatial/6.18152/-77.3705/CO/Ara ambiguus
10.5574, -83.7383 = CR
15.6075, -84.9253 = HN
https://jot-mol-qualityapi.appspot.com/_ah/api/qualityapi/v1/geospatial/15.6075/-84.9253/HN/Ara ambiguus
10.4313, -84.0063 = CR
https://jot-mol-qualityapi.appspot.com/_ah/api/qualityapi/v1/geospatial/10.4313/-84.0063/CR/Ara ambiguus
10.4288, -84.0128 = CR
10.6852, -84.1811 = CR
10.3521, -83.9718 = CR
https://jot-mol-qualityapi.appspot.com/_ah/api/qualityapi/v1/geospatial/10.3521/-83.9718/CR/Ara ambiguus
6.18152, -77.3705 = CO
10.4438, -84.0071 = CR
https://jot-mol-qualityapi.appspot.com/_ah/api/qualityapi/v1/geospatial/10.4438/-84.0071/CR/Ara ambiguus
10.4288, -84.0128 = CR
10.4288, -84.0128 = CR
10.3521, -83.9718 = CR
10.5574, -83.7383 = CR
10.3304, -83.958 = CR
https://jot-mol-qualityapi.appspot.com/_ah/api/qualityapi/v1/geospatial/10.3304/-83.958/CR/Ara ambiguus
15.543, -84.9868 = HN
https://jot-mol-qualityapi.appspot.com/_ah/api/qualityapi/v1/geospatial/15.543/-84.9868/HN/Ara ambiguus
10.4288, -84.0128 = CR
10.6864, -84.2062 = CR
15.4351, -85.1094 = HN
https://jot-mol-qualityapi.appspot.com/_ah/api/qualityapi/v1/geospatial/15.4351/-85.1094/HN/Ara ambiguus
10.4288, -84.0128 = CR
10.4438, -84.0071 = CR
6.18152, -77.3705 = CO
10.4288, -84.0128 = CR
10.4288, -84.0128 = CR
10.5574, -83.7383 = CR
10.4959, -83.9273 = CR
https://jot-mol-qualityapi.appspot.com/_ah/api/qualityapi/v1/geospatial/10.4959/-83.9273/CR/Ara ambiguus
10.4288, -84.0128 = CR
15.4914, -84.9607 = HN
https://jot-mol-qualityapi.appspot.com/_ah/api/qualityapi/v1/geospatial/15.4914/-84.9607/HN/Ara ambiguus
10.4288, -84.0128 = CR
10.4645, -84.0933 = CR
10.5386, -83.5025 = CR
10.4502, -84.0677 = CR
10.4645, -84.0933 = CR
10.5386, -83.5025 = CR
10.4288, -84.0128 = CR
10.4288, -84.0128 = CR
10.4288, -84.0128 = CR
10.4502, -84.0677 = CR
10.4288, -84.0128 = CR
10.4288, -84.0128 = CR
10.3521, -83.9718 = CR
10.4288, -84.0128 = CR
10.4288, -84.0128 = CR
10.4288, -84.0128 = CR
10.4288, -84.0128 = CR
10.4288, -84.0128 = CR
10.4288, -84.0128 = CR
10.4288, -84.0128 = CR
10.4288, -84.0128 = CR
10.4288, -84.0128 = CR
10.4288, -84.0128 = CR
10.4288, -84.0128 = CR
10.5386, -83.5025 = CR
10.3388, -83.9993 = CR
https://jot-mol-qualityapi.appspot.com/_ah/api/qualityapi/v1/geospatial/10.3388/-83.9993/CR/Ara ambiguus
10.4288, -84.0128 = CR
10.3206, -84.0257 = CR
https://jot-mol-qualityapi.appspot.com/_ah/api/qualityapi/v1/geospatial/10.3206/-84.0257/CR/Ara ambiguus
10.3256, -84.0231 = CR
https://jot-mol-qualityapi.appspot.com/_ah/api/qualityapi/v1/geospatial/10.3256/-84.0231/CR/Ara ambiguus
10.4288, -84.0128 = CR
10.6852, -84.1811 = CR
10.4288, -84.0128 = CR
10.4288, -84.0128 = CR
10.4713, -84.0686 = CR
https://jot-mol-qualityapi.appspot.com/_ah/api/qualityapi/v1/geospatial/10.4713/-84.0686/CR/Ara ambiguus
10.3388, -83.9993 = CR
10.3256, -84.0231 = CR
10.4288, -84.0128 = CR
10.3206, -84.0257 = CR
10.9743, -84.3383 = NI
10.2817, -84.0449 = CR
10.4156, -84.1208 = CR
10.2817, -84.0449 = CR
10.2817, -84.0449 = CR
10.2927, -84.0104 = CR
https://jot-mol-qualityapi.appspot.com/_ah/api/qualityapi/v1/geospatial/10.2927/-84.0104/CR/Ara ambiguus
10.4553, -84.0018 = CR
10.4553, -84.0018 = CR
10.2817, -84.0449 = CR
10.4024, -84.0256 = CR
https://jot-mol-qualityapi.appspot.com/_ah/api/qualityapi/v1/geospatial/10.4024/-84.0256/CR/Ara ambiguus
10.6852, -84.1811 = CR
10.6852, -84.1811 = CR
10.4288, -84.0128 = CR
10.4288, -84.0128 = CR
10.2817, -84.0449 = CR
10.4288, -84.0128 = CR
10.2817, -84.0449 = CR
10.6852, -84.1811 = CR
10.4288, -84.0128 = CR
10.4288, -84.0128 = CR
10.5853, -83.5219 = CR
10.2817, -84.0449 = CR
10.2817, -84.0449 = CR
10.4288, -84.0128 = CR
10.4288, -84.0128 = CR
15.0427, -84.6775 = HN
https://jot-mol-qualityapi.appspot.com/_ah/api/qualityapi/v1/geospatial/15.0427/-84.6775/HN/Ara ambiguus
10.2817, -84.0449 = CR
10.2817, -84.0449 = CR
10.4288, -84.0128 = CR
10.2817, -84.0449 = CR
10.2817, -84.0449 = CR
10.2817, -84.0449 = CR
10.2817, -84.0449 = CR
10.2817, -84.0449 = CR
10.2817, -84.0449 = CR
10.2817, -84.0449 = CR
10.2817, -84.0449 = CR
10.2817, -84.0449 = CR
10.2817, -84.0449 = CR
10.6864, -84.2062 = CR
10.5603, -83.517 = CR
https://jot-mol-qualityapi.appspot.com/_ah/api/qualityapi/v1/geospatial/10.5603/-83.517/CR/Ara ambiguus
10.4645, -84.0933 = CR
10.4288, -84.0128 = CR
10.4288, -84.0128 = CR
10.4689, -84.0976 = CR
https://jot-mol-qualityapi.appspot.com/_ah/api/qualityapi/v1/geospatial/10.4689/-84.0976/CR/Ara ambiguus
10.4288, -84.0128 = CR
10.4288, -84.0128 = CR
10.4645, -84.0933 = CR
10.4288, -84.0128 = CR
10.6864, -84.2062 = CR
10.4288, -84.0128 = CR
10.4288, -84.0128 = CR
10.4288, -84.0128 = CR
10.4288, -84.0128 = CR
10.4288, -84.0128 = CR
10.4528, -84.0202 = CR
https://jot-mol-qualityapi.appspot.com/_ah/api/qualityapi/v1/geospatial/10.4528/-84.0202/CR/Ara ambiguus
10.5603, -83.517 = CR
10.4288, -84.0128 = CR
10.341, -84.7906 = CR
https://jot-mol-qualityapi.appspot.com/_ah/api/qualityapi/v1/geospatial/10.341/-84.7906/CR/Ara ambiguus
10.2035, -83.8398 = CR
https://jot-mol-qualityapi.appspot.com/_ah/api/qualityapi/v1/geospatial/10.2035/-83.8398/CR/Ara ambiguus
10.4288, -84.0128 = CR
10.4288, -84.0128 = CR
10.4288, -84.0128 = CR
10.4288, -84.0128 = CR
10.4288, -84.0128 = CR
10.4288, -84.0128 = CR
10.4288, -84.0128 = CR
10.6864, -84.2062 = CR
10.5275, -83.5115 = CR
https://jot-mol-qualityapi.appspot.com/_ah/api/qualityapi/v1/geospatial/10.5275/-83.5115/CR/Ara ambiguus
10.4288, -84.0128 = CR
10.4288, -84.0128 = CR
10.5275, -83.5115 = CR
10.4156, -84.1208 = CR
10.4346, -84.0023 = CR
https://jot-mol-qualityapi.appspot.com/_ah/api/qualityapi/v1/geospatial/10.4346/-84.0023/CR/Ara ambiguus
10.4288, -84.0128 = CR
10.4532, -84.0179 = CR
https://jot-mol-qualityapi.appspot.com/_ah/api/qualityapi/v1/geospatial/10.4532/-84.0179/CR/Ara ambiguus
10.4288, -84.0128 = CR
10.4288, -84.0128 = CR
10.4288, -84.0128 = CR
10.4346, -84.0023 = CR
10.4288, -84.0128 = CR
10.4288, -84.0128 = CR
10.4288, -84.0128 = CR
10.4288, -84.0128 = CR
10.4288, -84.0128 = CR
10.4288, -84.0128 = CR
10.2817, -84.0449 = CR
10.4288, -84.0128 = CR
10.4288, -84.0128 = CR
10.4024, -84.0256 = CR
10.4288, -84.0128 = CR
10.4288, -84.0128 = CR
10.4288, -84.0128 = CR
10.4288, -84.0128 = CR
10.4288, -84.0128 = CR
10.4288, -84.0128 = CR
10.4288, -84.0128 = CR
10.4288, -84.0128 = CR
10.4288, -84.0128 = CR
10.4288, -84.0128 = CR
10.4288, -84.0128 = CR
10.4288, -84.0128 = CR
10.4288, -84.0128 = CR
10.4288, -84.0128 = CR
10.4288, -84.0128 = CR
10.4288, -84.0128 = CR
10.4288, -84.0128 = CR
10.3505, -83.4209 = CR
10.4288, -84.0128 = CR
10.4288, -84.0128 = CR
10.4502, -84.0677 = CR
10.4288, -84.0128 = CR
10.4288, -84.0128 = CR
10.4288, -84.0128 = CR
10.4288, -84.0128 = CR
10.4288, -84.0128 = CR
10.4288, -84.0128 = CR
10.4288, -84.0128 = CR
10.4288, -84.0128 = CR
10.4288, -84.0128 = CR
7.81192, -77.517 = PA
https://jot-mol-qualityapi.appspot.com/_ah/api/qualityapi/v1/geospatial/7.81192/-77.517/PA/Ara ambiguus
10.4288, -84.0128 = CR
10.4288, -84.0128 = CR
10.5732, -84.0356 = CR
https://jot-mol-qualityapi.appspot.com/_ah/api/qualityapi/v1/geospatial/10.5732/-84.0356/CR/Ara ambiguus
10.4288, -84.0128 = CR
10.4288, -84.0128 = CR
10.4288, -84.0128 = CR
10.5574, -83.7383 = CR
10.4288, -84.0128 = CR
10.4288, -84.0128 = CR
10.4288, -84.0128 = CR
10.4288, -84.0128 = CR
10.4288, -84.0128 = CR
10.4288, -84.0128 = CR
10.4288, -84.0128 = CR
10.4288, -84.0128 = CR
10.4288, -84.0128 = CR
10.4156, -84.1208 = CR
10.4288, -84.0128 = CR
10.4288, -84.0128 = CR
10.4288, -84.0128 = CR
10.4288, -84.0128 = CR
10.4288, -84.0128 = CR
10.4288, -84.0128 = CR
7.83549, -77.6157 = PA
https://jot-mol-qualityapi.appspot.com/_ah/api/qualityapi/v1/geospatial/7.83549/-77.6157/PA/Ara ambiguus
10.4288, -84.0128 = CR
10.4288, -84.0128 = CR
10.4502, -84.0677 = CR
10.4288, -84.0128 = CR
10.4288, -84.0128 = CR
10.5574, -83.7383 = CR
10.5732, -84.0356 = CR
10.4288, -84.0128 = CR
10.4257, -84.0262 = CR
10.4288, -84.0128 = CR
10.3388, -83.9993 = CR
10.4288, -84.0128 = CR
10.3521, -83.9718 = CR
10.3388, -83.9993 = CR
10.4288, -84.0128 = CR
7.7612, -77.7334 = PA
https://jot-mol-qualityapi.appspot.com/_ah/api/qualityapi/v1/geospatial/7.7612/-77.7334/PA/Ara ambiguus
7.75772, -77.6812 = PA
https://jot-mol-qualityapi.appspot.com/_ah/api/qualityapi/v1/geospatial/7.75772/-77.6812/PA/Ara ambiguus
7.75772, -77.6812 = PA
7.75591, -77.6845 = PA
https://jot-mol-qualityapi.appspot.com/_ah/api/qualityapi/v1/geospatial/7.75591/-77.6845/PA/Ara ambiguus
7.75591, -77.6845 = PA
7.75367, -77.6884 = PA
https://jot-mol-qualityapi.appspot.com/_ah/api/qualityapi/v1/geospatial/7.75367/-77.6884/PA/Ara ambiguus
7.22569, -80.6607 = PA
https://jot-mol-qualityapi.appspot.com/_ah/api/qualityapi/v1/geospatial/7.22569/-80.6607/PA/Ara ambiguus
10.4516, -84.1211 = CR
10.4514, -84.061 = CR
https://jot-mol-qualityapi.appspot.com/_ah/api/qualityapi/v1/geospatial/10.4514/-84.061/CR/Ara ambiguus
10.6852, -84.1811 = CR
10.4502, -84.0677 = CR
10.4517, -84.0672 = CR
https://jot-mol-qualityapi.appspot.com/_ah/api/qualityapi/v1/geospatial/10.4517/-84.0672/CR/Ara ambiguus
10.4501, -84.0635 = CR
https://jot-mol-qualityapi.appspot.com/_ah/api/qualityapi/v1/geospatial/10.4501/-84.0635/CR/Ara ambiguus
10.4288, -84.0128 = CR
10.4522, -84.0615 = CR
https://jot-mol-qualityapi.appspot.com/_ah/api/qualityapi/v1/geospatial/10.4522/-84.0615/CR/Ara ambiguus
10.6424, -84.1917 = CR
https://jot-mol-qualityapi.appspot.com/_ah/api/qualityapi/v1/geospatial/10.6424/-84.1917/CR/Ara ambiguus
10.4288, -84.0128 = CR
6.01869, -77.3486 = CO
https://jot-mol-qualityapi.appspot.com/_ah/api/qualityapi/v1/geospatial/6.01869/-77.3486/CO/Ara ambiguus
7.88515, -77.6074 = PA
https://jot-mol-qualityapi.appspot.com/_ah/api/qualityapi/v1/geospatial/7.88515/-77.6074/PA/Ara ambiguus
10.4288, -84.0128 = CR
10.4288, -84.0128 = CR
10.4288, -84.0128 = CR
10.4288, -84.0128 = CR
10.4288, -84.0128 = CR
10.4419, -83.54 = CR
https://jot-mol-qualityapi.appspot.com/_ah/api/qualityapi/v1/geospatial/10.4419/-83.54/CR/Ara ambiguus
10.4449, -84.0092 = CR
https://jot-mol-qualityapi.appspot.com/_ah/api/qualityapi/v1/geospatial/10.4449/-84.0092/CR/Ara ambiguus
10.4288, -84.0128 = CR
10.4502, -84.0677 = CR
10.4288, -84.0128 = CR
10.4288, -84.0128 = CR
10.4288, -84.0128 = CR
7.88515, -77.6074 = PA
7.89875, -77.6898 = PA
https://jot-mol-qualityapi.appspot.com/_ah/api/qualityapi/v1/geospatial/7.89875/-77.6898/PA/Ara ambiguus
10.5625, -83.5119 = CR
https://jot-mol-qualityapi.appspot.com/_ah/api/qualityapi/v1/geospatial/10.5625/-83.5119/CR/Ara ambiguus
10.4288, -84.0128 = CR
10.4288, -84.0128 = CR
7.88515, -77.6074 = PA
10.4288, -84.0128 = CR
10.4502, -84.0677 = CR
10.4288, -84.0128 = CR
10.4513, -84.0697 = CR
10.4513, -84.0697 = CR
10.4281, -84.0162 = CR
https://jot-mol-qualityapi.appspot.com/_ah/api/qualityapi/v1/geospatial/10.4281/-84.0162/CR/Ara ambiguus
10.4288, -84.0128 = CR
10.7578, -84.2226 = CR
https://jot-mol-qualityapi.appspot.com/_ah/api/qualityapi/v1/geospatial/10.7578/-84.2226/CR/Ara ambiguus
7.99761, -77.752 = PA
https://jot-mol-qualityapi.appspot.com/_ah/api/qualityapi/v1/geospatial/7.99761/-77.752/PA/Ara ambiguus
7.99761, -77.752 = PA
10.4288, -84.0128 = CR
7.99761, -77.752 = PA
7.99761, -77.752 = PA
7.99761, -77.752 = PA
10.4316, -84.0037 = CR
https://jot-mol-qualityapi.appspot.com/_ah/api/qualityapi/v1/geospatial/10.4316/-84.0037/CR/Ara ambiguus
10.4288, -84.0128 = CR
10.4537, -84.0035 = CR
https://jot-mol-qualityapi.appspot.com/_ah/api/qualityapi/v1/geospatial/10.4537/-84.0035/CR/Ara ambiguus
10.4288, -84.0128 = CR
10.4288, -84.0128 = CR
10.4316, -84.0037 = CR
10.4288, -84.0128 = CR
10.4537, -84.0035 = CR
10.4288, -84.0128 = CR
10.4288, -84.0128 = CR
10.4288, -84.0128 = CR
10.4288, -84.0128 = CR
9.84665, -83.5962 = CR
https://jot-mol-qualityapi.appspot.com/_ah/api/qualityapi/v1/geospatial/9.84665/-83.5962/CR/Ara ambiguus
10.4288, -84.0128 = CR
10.6852, -84.1811 = CR
10.4405, -84.0688 = CR
10.5386, -83.5025 = CR
10.4288, -84.0128 = CR
10.4288, -84.0128 = CR
10.5386, -83.5025 = CR
10.4288, -84.0128 = CR
10.2817, -84.0449 = CR
10.9828, -84.3362 = NI
https://jot-mol-qualityapi.appspot.com/_ah/api/qualityapi/v1/geospatial/10.9828/-84.3362/NI/Ara ambiguus
10.2817, -84.0449 = CR
10.2817, -84.0449 = CR
10.4288, -84.0128 = CR
10.4288, -84.0128 = CR
10.4288, -84.0128 = CR
9.99195, -84.12 = CR
https://jot-mol-qualityapi.appspot.com/_ah/api/qualityapi/v1/geospatial/9.99195/-84.12/CR/Ara ambiguus
10.973, -84.3383 = NI
https://jot-mol-qualityapi.appspot.com/_ah/api/qualityapi/v1/geospatial/10.973/-84.3383/NI/Ara ambiguus
10.973, -84.3383 = NI
10.973, -84.3383 = NI
10.973, -84.3383 = NI
10.4502, -84.0677 = CR
10.2817, -84.0449 = CR
10.4502, -84.0677 = CR
10.4288, -84.0128 = CR
10.5901, -84.1223 = CR
https://jot-mol-qualityapi.appspot.com/_ah/api/qualityapi/v1/geospatial/10.5901/-84.1223/CR/Ara ambiguus
10.4288, -84.0128 = CR
7.89875, -77.6898 = PA
10.4288, -84.0128 = CR
10.4288, -84.0128 = CR
10.973, -84.3383 = NI
10.973, -84.3383 = NI
7.89875, -77.6898 = PA
7.89875, -77.6898 = PA
10.6852, -84.1811 = CR
10.4288, -84.0128 = CR
10.4288, -84.0128 = CR
10.4288, -84.0128 = CR
10.4288, -84.0128 = CR
10.4288, -84.0128 = CR
10.6852, -84.1811 = CR
10.4288, -84.0128 = CR
10.4288, -84.0128 = CR
10.6852, -84.1811 = CR
10.6852, -84.1811 = CR
10.4288, -84.0128 = CR
10.6852, -84.1811 = CR
10.4288, -84.0128 = CR
10.4288, -84.0128 = CR
10.4288, -84.0128 = CR
10.4288, -84.0128 = CR
10.4288, -84.0128 = CR
10.4288, -84.0128 = CR
10.4288, -84.0128 = CR
10.4288, -84.0128 = CR
10.6852, -84.1811 = CR
10.4288, -84.0128 = CR
10.4288, -84.0128 = CR
10.3026, -84.0342 = CR
https://jot-mol-qualityapi.appspot.com/_ah/api/qualityapi/v1/geospatial/10.3026/-84.0342/CR/Ara ambiguus
10.4288, -84.0128 = CR
10.6852, -84.1811 = CR
10.1746, -83.9304 = CR
https://jot-mol-qualityapi.appspot.com/_ah/api/qualityapi/v1/geospatial/10.1746/-83.9304/CR/Ara ambiguus
10.6852, -84.1811 = CR
10.4288, -84.0128 = CR
10.6852, -84.1811 = CR
10.6852, -84.1811 = CR
10.4288, -84.0128 = CR
10.6852, -84.1811 = CR
10.6852, -84.1811 = CR
10.6852, -84.1811 = CR
10.4346, -84.0023 = CR
10.6852, -84.1811 = CR
10.6852, -84.1811 = CR
10.4288, -84.0128 = CR
10.4502, -84.0677 = CR
10.4288, -84.0128 = CR
10.4288, -84.0128 = CR
10.4288, -84.0128 = CR
10.4288, -84.0128 = CR
10.4502, -84.0677 = CR
10.4502, -84.0677 = CR
10.4288, -84.0128 = CR
10.6767, -84.2238 = CR
10.6852, -84.1811 = CR
10.4288, -84.0128 = CR
10.4516, -84.1211 = CR
10.6767, -84.2238 = CR
10.6767, -84.2238 = CR
10.4502, -84.0677 = CR
10.4502, -84.0677 = CR
10.2101, -84.1643 = CR
https://jot-mol-qualityapi.appspot.com/_ah/api/qualityapi/v1/geospatial/10.2101/-84.1643/CR/Ara ambiguus
10.4392, -83.9795 = CR
https://jot-mol-qualityapi.appspot.com/_ah/api/qualityapi/v1/geospatial/10.4392/-83.9795/CR/Ara ambiguus
10.4288, -84.0128 = CR
10.4288, -84.0128 = CR
10.4288, -84.0128 = CR
10.4432, -84.0059 = CR
https://jot-mol-qualityapi.appspot.com/_ah/api/qualityapi/v1/geospatial/10.4432/-84.0059/CR/Ara ambiguus
10.4288, -84.0128 = CR
10.973, -84.3383 = NI
10.973, -84.3383 = NI
10.4313, -84.0036 = CR
https://jot-mol-qualityapi.appspot.com/_ah/api/qualityapi/v1/geospatial/10.4313/-84.0036/CR/Ara ambiguus
10.973, -84.3383 = NI
10.4408, -84.0089 = CR
https://jot-mol-qualityapi.appspot.com/_ah/api/qualityapi/v1/geospatial/10.4408/-84.0089/CR/Ara ambiguus
10.4288, -84.0128 = CR
10.4288, -84.0128 = CR
10.4408, -84.0089 = CR
7.83549, -77.6157 = PA
7.83549, -77.6157 = PA
7.89875, -77.6898 = PA
7.83549, -77.6157 = PA
7.83549, -77.6157 = PA
10.6852, -84.1811 = CR
10.6852, -84.1811 = CR
10.4625, -84.7328 = CR
https://jot-mol-qualityapi.appspot.com/_ah/api/qualityapi/v1/geospatial/10.4625/-84.7328/CR/Ara ambiguus
10.4288, -84.0128 = CR
10.4405, -84.0688 = CR
10.4156, -84.1208 = CR
10.6852, -84.1811 = CR
10.5059, -83.5146 = CR
https://jot-mol-qualityapi.appspot.com/_ah/api/qualityapi/v1/geospatial/10.5059/-83.5146/CR/Ara ambiguus
10.4645, -84.0933 = CR
10.4288, -84.0128 = CR
10.4288, -84.0128 = CR
10.7417, -84.1833 = CR
https://jot-mol-qualityapi.appspot.com/_ah/api/qualityapi/v1/geospatial/10.7417/-84.1833/CR/Ara ambiguus
10.4493, -84.0653 = CR
https://jot-mol-qualityapi.appspot.com/_ah/api/qualityapi/v1/geospatial/10.4493/-84.0653/CR/Ara ambiguus
10.4502, -84.0677 = CR
10.4288, -84.0128 = CR
10.2143, -83.7883 = CR
https://jot-mol-qualityapi.appspot.com/_ah/api/qualityapi/v1/geospatial/10.2143/-83.7883/CR/Ara ambiguus
10.2183, -83.9043 = CR
https://jot-mol-qualityapi.appspot.com/_ah/api/qualityapi/v1/geospatial/10.2183/-83.9043/CR/Ara ambiguus
10.0189, -83.5661 = CR
https://jot-mol-qualityapi.appspot.com/_ah/api/qualityapi/v1/geospatial/10.0189/-83.5661/CR/Ara ambiguus
10.4288, -84.0128 = CR
10.973, -84.3383 = NI
10.431, -84.0034 = CR
10.4502, -84.0677 = CR
10.973, -84.3383 = NI
14.8652, -84.6043 = HN
https://jot-mol-qualityapi.appspot.com/_ah/api/qualityapi/v1/geospatial/14.8652/-84.6043/HN/Ara ambiguus
10.973, -84.3383 = NI
11.0377, -84.2975 = NI
https://jot-mol-qualityapi.appspot.com/_ah/api/qualityapi/v1/geospatial/11.0377/-84.2975/NI/Ara ambiguus
10.973, -84.3383 = NI
11.0377, -84.2975 = NI
10.973, -84.3383 = NI
11.0377, -84.2975 = NI
10.4244, -84.0211 = CR
https://jot-mol-qualityapi.appspot.com/_ah/api/qualityapi/v1/geospatial/10.4244/-84.0211/CR/Ara ambiguus
11.0377, -84.2975 = NI
10.4522, -84.0612 = CR
https://jot-mol-qualityapi.appspot.com/_ah/api/qualityapi/v1/geospatial/10.4522/-84.0612/CR/Ara ambiguus
10.4768, -84.6034 = CR
https://jot-mol-qualityapi.appspot.com/_ah/api/qualityapi/v1/geospatial/10.4768/-84.6034/CR/Ara ambiguus
10.4288, -84.0128 = CR
10.2116, -83.5919 = CR
https://jot-mol-qualityapi.appspot.com/_ah/api/qualityapi/v1/geospatial/10.2116/-83.5919/CR/Ara ambiguus
10.5386, -83.5025 = CR
10.4288, -84.0128 = CR
10.4321, -84.0052 = CR
https://jot-mol-qualityapi.appspot.com/_ah/api/qualityapi/v1/geospatial/10.4321/-84.0052/CR/Ara ambiguus
10.4502, -84.0677 = CR
15.7266, -84.8076 = HN
https://jot-mol-qualityapi.appspot.com/_ah/api/qualityapi/v1/geospatial/15.7266/-84.8076/HN/Ara ambiguus
10.4288, -84.0128 = CR
10.4502, -84.0677 = CR
7.83886, -77.6052 = PA
https://jot-mol-qualityapi.appspot.com/_ah/api/qualityapi/v1/geospatial/7.83886/-77.6052/PA/Ara ambiguus
7.83886, -77.6052 = PA
10.6852, -84.1811 = CR
10.55, -83.5 = CR
https://jot-mol-qualityapi.appspot.com/_ah/api/qualityapi/v1/geospatial/10.55/-83.5/CR/Ara ambiguus
10.9743, -84.3383 = NI
10.9743, -84.3383 = NI
10.9743, -84.3383 = NI
10.9743, -84.3383 = NI
10.9743, -84.3383 = NI
0.52607, -79.2128 = EC
https://jot-mol-qualityapi.appspot.com/_ah/api/qualityapi/v1/geospatial/0.52607/-79.2128/EC/Ara ambiguus
10.9743, -84.3383 = NI
10.9743, -84.3383 = NI
10.9743, -84.3383 = NI
7.861, -77.6678 = PA
https://jot-mol-qualityapi.appspot.com/_ah/api/qualityapi/v1/geospatial/7.861/-77.6678/PA/Ara ambiguus
7.83549, -77.6157 = PA
7.83549, -77.6157 = PA
7.83549, -77.6157 = PA
7.84196, -77.6102 = PA
https://jot-mol-qualityapi.appspot.com/_ah/api/qualityapi/v1/geospatial/7.84196/-77.6102/PA/Ara ambiguus
7.83549, -77.6157 = PA
10.4288, -84.0128 = CR
10.4288, -84.0128 = CR
7.89875, -77.6898 = PA
7.83549, -77.6157 = PA
7.861, -77.6678 = PA
10.4288, -84.0128 = CR
14.8665, -84.4595 = HN
https://jot-mol-qualityapi.appspot.com/_ah/api/qualityapi/v1/geospatial/14.8665/-84.4595/HN/Ara ambiguus
10.4288, -84.0128 = CR
10.973, -84.3383 = NI
10.2817, -84.0449 = CR
11.0467, -83.8808 = NI
https://jot-mol-qualityapi.appspot.com/_ah/api/qualityapi/v1/geospatial/11.0467/-83.8808/NI/Ara ambiguus
10.8396, -83.767 = NI
https://jot-mol-qualityapi.appspot.com/_ah/api/qualityapi/v1/geospatial/10.8396/-83.767/NI/Ara ambiguus
10.973, -84.3383 = NI
11.0377, -84.2975 = NI
11.2774, -84.297 = NI
https://jot-mol-qualityapi.appspot.com/_ah/api/qualityapi/v1/geospatial/11.2774/-84.297/NI/Ara ambiguus
11.141, -84.3646 = NI
https://jot-mol-qualityapi.appspot.com/_ah/api/qualityapi/v1/geospatial/11.141/-84.3646/NI/Ara ambiguus
10.4288, -84.0128 = CR
10.2817, -84.0449 = CR
7.89875, -77.6898 = PA
10.5386, -83.5025 = CR
10.5386, -83.5025 = CR
14.8539, -84.6634 = HN
https://jot-mol-qualityapi.appspot.com/_ah/api/qualityapi/v1/geospatial/14.8539/-84.6634/HN/Ara ambiguus
10.3028, -84.0245 = CR
https://jot-mol-qualityapi.appspot.com/_ah/api/qualityapi/v1/geospatial/10.3028/-84.0245/CR/Ara ambiguus
10.5386, -83.5025 = CR
10.5386, -83.5025 = CR
10.5705, -83.5238 = CR
https://jot-mol-qualityapi.appspot.com/_ah/api/qualityapi/v1/geospatial/10.5705/-83.5238/CR/Ara ambiguus
10.59386, -83.52932 = CR
https://jot-mol-qualityapi.appspot.com/_ah/api/qualityapi/v1/geospatial/10.59386/-83.52932/CR/Ara ambiguus
10.58447, -83.52698 = CR
https://jot-mol-qualityapi.appspot.com/_ah/api/qualityapi/v1/geospatial/10.58447/-83.52698/CR/Ara ambiguus
10.2143, -83.7883 = CR
10.4522, -84.0612 = CR
10.58447, -83.52698 = CR
10.57132, -83.51952 = CR
10.5924, -83.5287 = CR
10.5386, -83.5025 = CR
7.861, -77.6678 = PA
10.58447, -83.52698 = CR
7.84196, -77.6102 = PA
11.0401, -85.5028 = CR
https://jot-mol-qualityapi.appspot.com/_ah/api/qualityapi/v1/geospatial/11.0401/-85.5028/CR/Ara ambiguus
10.973, -84.3383 = NI
10.5386, -83.5025 = CR
10.5386, -83.5025 = CR
10.5386, -83.5025 = CR
10.5648, -83.5202 = CR
https://jot-mol-qualityapi.appspot.com/_ah/api/qualityapi/v1/geospatial/10.5648/-83.5202/CR/Ara ambiguus
10.4522, -84.0612 = CR
14.7111, -85.3665 = HN
https://jot-mol-qualityapi.appspot.com/_ah/api/qualityapi/v1/geospatial/14.7111/-85.3665/HN/Ara ambiguus
10.4502, -84.0677 = CR
10.6852, -84.1811 = CR
10.6852, -84.1811 = CR
10.4514, -84.0761 = CR
https://jot-mol-qualityapi.appspot.com/_ah/api/qualityapi/v1/geospatial/10.4514/-84.0761/CR/Ara ambiguus
10.4288, -84.0128 = CR
10.9816, -85.4259 = CR
https://jot-mol-qualityapi.appspot.com/_ah/api/qualityapi/v1/geospatial/10.9816/-85.4259/CR/Ara ambiguus
10.3057, -84.789 = CR
https://jot-mol-qualityapi.appspot.com/_ah/api/qualityapi/v1/geospatial/10.3057/-84.789/CR/Ara ambiguus
10.5386, -83.5025 = CR
10.5955, -84.0 = CR
https://jot-mol-qualityapi.appspot.com/_ah/api/qualityapi/v1/geospatial/10.5955/-84.0/CR/Ara ambiguus
10.558, -84.0317 = CR
https://jot-mol-qualityapi.appspot.com/_ah/api/qualityapi/v1/geospatial/10.558/-84.0317/CR/Ara ambiguus
7.83549, -77.6157 = PA
7.83549, -77.6157 = PA
10.1293, -83.993 = CR
14.5906, -85.1226 = HN
https://jot-mol-qualityapi.appspot.com/_ah/api/qualityapi/v1/geospatial/14.5906/-85.1226/HN/Ara ambiguus
14.6324, -85.3246 = HN
https://jot-mol-qualityapi.appspot.com/_ah/api/qualityapi/v1/geospatial/14.6324/-85.3246/HN/Ara ambiguus
10.57132, -83.51952 = CR
10.973, -84.3383 = NI
10.973, -84.3383 = NI
7.83549, -77.6157 = PA
10.4288, -84.0128 = CR
7.83549, -77.6157 = PA
10.973, -84.3383 = NI
10.57132, -83.51952 = CR
10.4288, -84.0128 = CR
10.4538, -84.0036 = CR
10.4288, -84.0128 = CR
10.4502, -84.0677 = CR
10.5386, -83.5025 = CR
10.5386, -83.5025 = CR
0.92075, -78.5378 = EC
https://jot-mol-qualityapi.appspot.com/_ah/api/qualityapi/v1/geospatial/0.92075/-78.5378/EC/Ara ambiguus
10.4522, -84.0612 = CR
10.59386, -83.52932 = CR
10.4095, -84.0159 = CR
https://jot-mol-qualityapi.appspot.com/_ah/api/qualityapi/v1/geospatial/10.4095/-84.0159/CR/Ara ambiguus
10.4288, -84.0128 = CR
10.4095, -84.0159 = CR
10.4288, -84.0128 = CR
7.83345, -77.6431 = PA
https://jot-mol-qualityapi.appspot.com/_ah/api/qualityapi/v1/geospatial/7.83345/-77.6431/PA/Ara ambiguus
7.83345, -77.6431 = PA
7.83345, -77.6431 = PA
7.83345, -77.6431 = PA
7.83345, -77.6431 = PA
7.83345, -77.6431 = PA
7.83345, -77.6431 = PA
7.83345, -77.6431 = PA
7.83345, -77.6431 = PA
10.1598, -83.9744 = CR
https://jot-mol-qualityapi.appspot.com/_ah/api/qualityapi/v1/geospatial/10.1598/-83.9744/CR/Ara ambiguus
7.83345, -77.6431 = PA
7.83345, -77.6431 = PA
7.83345, -77.6431 = PA
10.4288, -84.0128 = CR
9.0, -79.0 = PA
https://jot-mol-qualityapi.appspot.com/_ah/api/qualityapi/v1/geospatial/9.0/-79.0/PA/Ara ambiguus
9.0, -79.0 = PA
10.6852, -84.1811 = CR
9.57096, -85.1104 = CR
https://jot-mol-qualityapi.appspot.com/_ah/api/qualityapi/v1/geospatial/9.57096/-85.1104/CR/Ara ambiguus
10.4288, -84.0128 = CR
10.58447, -83.52698 = CR
10.4288, -84.0128 = CR
10.4288, -84.0128 = CR
10.4288, -84.0128 = CR
10.4288, -84.0128 = CR
10.4288, -84.0128 = CR
10.3057, -84.789 = CR
10.4288, -84.0128 = CR
10.4288, -84.0128 = CR
10.4288, -84.0128 = CR
7.861, -77.6678 = PA
7.861, -77.6678 = PA
7.83549, -77.6157 = PA
7.83549, -77.6157 = PA
7.83549, -77.6157 = PA
7.84196, -77.6102 = PA
7.861, -77.6678 = PA
7.83549, -77.6157 = PA
7.861, -77.6678 = PA
7.84196, -77.6102 = PA
10.4522, -84.0612 = CR
10.5386, -83.5025 = CR
10.4288, -84.0128 = CR
10.4288, -84.0128 = CR
10.4288, -84.0128 = CR
10.4288, -84.0128 = CR
10.431, -84.0036 = CR
https://jot-mol-qualityapi.appspot.com/_ah/api/qualityapi/v1/geospatial/10.431/-84.0036/CR/Ara ambiguus
7.94058, -77.7009 = PA
https://jot-mol-qualityapi.appspot.com/_ah/api/qualityapi/v1/geospatial/7.94058/-77.7009/PA/Ara ambiguus
7.94058, -77.7009 = PA
7.95086, -77.711 = PA
https://jot-mol-qualityapi.appspot.com/_ah/api/qualityapi/v1/geospatial/7.95086/-77.711/PA/Ara ambiguus
10.4502, -84.0677 = CR
7.89875, -77.6637 = PA
https://jot-mol-qualityapi.appspot.com/_ah/api/qualityapi/v1/geospatial/7.89875/-77.6637/PA/Ara ambiguus
7.89875, -77.6637 = PA
7.89875, -77.6637 = PA
7.89875, -77.6637 = PA
10.1293, -83.993 = CR
10.4311, -84.0035 = CR
https://jot-mol-qualityapi.appspot.com/_ah/api/qualityapi/v1/geospatial/10.4311/-84.0035/CR/Ara ambiguus
10.4288, -84.0128 = CR
10.5386, -83.5025 = CR
10.5386, -83.5025 = CR
10.4288, -84.0128 = CR
10.4288, -84.0128 = CR
7.83549, -77.6157 = PA
7.83549, -77.6157 = PA
10.4528, -84.0202 = CR
7.84196, -77.6102 = PA
7.83549, -77.6157 = PA
7.83991, -77.6558 = PA
https://jot-mol-qualityapi.appspot.com/_ah/api/qualityapi/v1/geospatial/7.83991/-77.6558/PA/Ara ambiguus
10.4405, -84.0688 = CR
10.4288, -84.0128 = CR
9.9715, -83.6933 = CR
https://jot-mol-qualityapi.appspot.com/_ah/api/qualityapi/v1/geospatial/9.9715/-83.6933/CR/Ara ambiguus
10.4716, -84.6455 = CR
https://jot-mol-qualityapi.appspot.com/_ah/api/qualityapi/v1/geospatial/10.4716/-84.6455/CR/Ara ambiguus
10.4502, -84.0677 = CR
10.2817, -84.0449 = CR
10.4704, -84.4696 = CR
https://jot-mol-qualityapi.appspot.com/_ah/api/qualityapi/v1/geospatial/10.4704/-84.4696/CR/Ara ambiguus
10.5386, -83.5025 = CR
10.6558, -83.5989 = CR
https://jot-mol-qualityapi.appspot.com/_ah/api/qualityapi/v1/geospatial/10.6558/-83.5989/CR/Ara ambiguus
10.2817, -84.0449 = CR
10.4442, -84.019 = CR
https://jot-mol-qualityapi.appspot.com/_ah/api/qualityapi/v1/geospatial/10.4442/-84.019/CR/Ara ambiguus
10.4502, -84.0677 = CR
10.5386, -83.5025 = CR
10.4288, -84.0128 = CR
10.4502, -84.0677 = CR
-2.167, -80.033 = EC
https://jot-mol-qualityapi.appspot.com/_ah/api/qualityapi/v1/geospatial/-2.167/-80.033/EC/Ara ambiguus
-2.167, -80.033 = EC
-1.6, -80.7 = EC
https://jot-mol-qualityapi.appspot.com/_ah/api/qualityapi/v1/geospatial/-1.6/-80.7/EC/Ara ambiguus
-1.567, -80.717 = EC
https://jot-mol-qualityapi.appspot.com/_ah/api/qualityapi/v1/geospatial/-1.567/-80.717/EC/Ara ambiguus
10.2817, -84.0449 = CR
10.4288, -84.0128 = CR
-1.333, -79.583 = EC
https://jot-mol-qualityapi.appspot.com/_ah/api/qualityapi/v1/geospatial/-1.333/-79.583/EC/Ara ambiguus
10.4288, -84.0128 = CR
6.23828, -77.3827 = CO
https://jot-mol-qualityapi.appspot.com/_ah/api/qualityapi/v1/geospatial/6.23828/-77.3827/CO/Ara ambiguus
10.1642, -83.955 = CR
https://jot-mol-qualityapi.appspot.com/_ah/api/qualityapi/v1/geospatial/10.1642/-83.955/CR/Ara ambiguus
10.4288, -84.0128 = CR
10.5386, -83.5025 = CR
10.4288, -84.0128 = CR
10.4288, -84.0128 = CR
10.5386, -83.5025 = CR
10.4502, -84.0677 = CR
10.5386, -83.5025 = CR
10.5688, -83.5163 = CR
https://jot-mol-qualityapi.appspot.com/_ah/api/qualityapi/v1/geospatial/10.5688/-83.5163/CR/Ara ambiguus
7.75639, -77.6842 = PA
https://jot-mol-qualityapi.appspot.com/_ah/api/qualityapi/v1/geospatial/7.75639/-77.6842/PA/Ara ambiguus
0.83333, -78.65 = EC
https://jot-mol-qualityapi.appspot.com/_ah/api/qualityapi/v1/geospatial/0.83333/-78.65/EC/Ara ambiguus
7.32, -76.42 = CO
https://jot-mol-qualityapi.appspot.com/_ah/api/qualityapi/v1/geospatial/7.32/-76.42/CO/Ara ambiguus
7.32, -76.42 = CO
7.32, -76.42 = CO
10.2667, -84.4333 = CR
https://jot-mol-qualityapi.appspot.com/_ah/api/qualityapi/v1/geospatial/10.2667/-84.4333/CR/Ara ambiguus
10.32381, -84.42714 = CR
https://jot-mol-qualityapi.appspot.com/_ah/api/qualityapi/v1/geospatial/10.32381/-84.42714/CR/Ara ambiguus
10.32381, -84.42714 = CR
9.64069, -83.4721 = CR
https://jot-mol-qualityapi.appspot.com/_ah/api/qualityapi/v1/geospatial/9.64069/-83.4721/CR/Ara ambiguus
Loading R functions
Loading required package: raster
Loading required package: sp
rgdal: version: 0.8-16, (SVN revision 498)
Geospatial Data Abstraction Library extensions to R successfully loaded
Loaded GDAL runtime: GDAL 1.9.0, released 2011/12/29
Path to GDAL shared files: /usr/share/gdal/1.9
Loaded PROJ.4 runtime: Rel. 4.7.1, 23 September 2009, [PJ_VERSION: 470]
Path to PROJ.4 shared files: (autodetected)
Checking rgeos availability: FALSE
 	Note: when rgeos is not available, polygon geometry 	computations in maptools depend on gpclib,
 	which has a restricted licence. It is disabled by default;
 	to enable gpclib, type gpclibPermit()
Generating Coordinate Pair Objects in R
Extracting Bioclim raster stacks
Creating Species points spatial objects
Running MaxEnt model for present data
Running MaxEnt model for future data
Generating and storing model map for present data
[1] "Map generated and stored in the file:"
[1] "map_Ara_ambiguus_present.RData"
Generating and storing model map for present data
[1] "Map generated and stored in the file:"
[1] "map_Ara_ambiguus_future.RData"
