Extracting GBIF points
895 records for taxonid 5959233
0 records for taxonid 106282949
0 records for taxonid 106807486
0 records for taxonid 107543140
0 records for taxonid 111385645
0 records for taxonid 116840945
0 records for taxonid 119143565
0 records for taxonid 124743890
0 records for taxonid 125828338
0 records for taxonid 126339803
0 records for taxonid 128267876
895 records in total
Cleaning GBIF points
10.45132, -84.06965 = CR
https://jot-mol-qualityapi.appspot.com/_ah/api/qualityapi/v1/geospatial/10.45132/-84.06965/CR/Ara ambiguus
10.45852, -83.98957 = CR
https://jot-mol-qualityapi.appspot.com/_ah/api/qualityapi/v1/geospatial/10.45852/-83.98957/CR/Ara ambiguus
10.4288, -84.0128 = CR
https://jot-mol-qualityapi.appspot.com/_ah/api/qualityapi/v1/geospatial/10.4288/-84.0128/CR/Ara ambiguus
10.4288, -84.0128 = CR
10.4288, -84.0128 = CR
10.4288, -84.0128 = CR
10.4288, -84.0128 = CR
10.4288, -84.0128 = CR
10.47837, -84.76427 = CR
https://jot-mol-qualityapi.appspot.com/_ah/api/qualityapi/v1/geospatial/10.47837/-84.76427/CR/Ara ambiguus
10.4288, -84.0128 = CR
10.4288, -84.0128 = CR
10.41562, -84.12078 = CR
https://jot-mol-qualityapi.appspot.com/_ah/api/qualityapi/v1/geospatial/10.41562/-84.12078/CR/Ara ambiguus
10.4516, -84.1211 = CR
https://jot-mol-qualityapi.appspot.com/_ah/api/qualityapi/v1/geospatial/10.4516/-84.1211/CR/Ara ambiguus
10.45247, -84.01621 = CR
https://jot-mol-qualityapi.appspot.com/_ah/api/qualityapi/v1/geospatial/10.45247/-84.01621/CR/Ara ambiguus
10.4288, -84.0128 = CR
10.4288, -84.0128 = CR
10.4288, -84.0128 = CR
10.45516, -84.00149 = CR
https://jot-mol-qualityapi.appspot.com/_ah/api/qualityapi/v1/geospatial/10.45516/-84.00149/CR/Ara ambiguus
10.51567, -83.50485 = CR
https://jot-mol-qualityapi.appspot.com/_ah/api/qualityapi/v1/geospatial/10.51567/-83.50485/CR/Ara ambiguus
10.4502, -84.0677 = CR
https://jot-mol-qualityapi.appspot.com/_ah/api/qualityapi/v1/geospatial/10.4502/-84.0677/CR/Ara ambiguus
10.44335, -84.00629 = CR
https://jot-mol-qualityapi.appspot.com/_ah/api/qualityapi/v1/geospatial/10.44335/-84.00629/CR/Ara ambiguus
10.4502, -84.0677 = CR
10.4288, -84.0128 = CR
10.4288, -84.0128 = CR
10.4288, -84.0128 = CR
9.98549, -84.26099 = CR
https://jot-mol-qualityapi.appspot.com/_ah/api/qualityapi/v1/geospatial/9.98549/-84.26099/CR/Ara ambiguus
10.4288, -84.0128 = CR
10.4288, -84.0128 = CR
10.4288, -84.0128 = CR
10.68636, -84.20616 = CR
https://jot-mol-qualityapi.appspot.com/_ah/api/qualityapi/v1/geospatial/10.68636/-84.20616/CR/Ara ambiguus
10.4288, -84.0128 = CR
10.45503, -84.05847 = CR
https://jot-mol-qualityapi.appspot.com/_ah/api/qualityapi/v1/geospatial/10.45503/-84.05847/CR/Ara ambiguus
10.4288, -84.0128 = CR
10.46525, -84.11408 = CR
https://jot-mol-qualityapi.appspot.com/_ah/api/qualityapi/v1/geospatial/10.46525/-84.11408/CR/Ara ambiguus
10.68636, -84.20616 = CR
10.4288, -84.0128 = CR
10.53861, -83.5025 = CR
https://jot-mol-qualityapi.appspot.com/_ah/api/qualityapi/v1/geospatial/10.53861/-83.5025/CR/Ara ambiguus
10.68636, -84.20616 = CR
10.4288, -84.0128 = CR
10.68636, -84.20616 = CR
10.4288, -84.0128 = CR
10.68636, -84.20616 = CR
10.4288, -84.0128 = CR
10.4288, -84.0128 = CR
10.4288, -84.0128 = CR
10.4288, -84.0128 = CR
10.43587, -84.04466 = CR
https://jot-mol-qualityapi.appspot.com/_ah/api/qualityapi/v1/geospatial/10.43587/-84.04466/CR/Ara ambiguus
11.00464, -84.37702 = NI
https://jot-mol-qualityapi.appspot.com/_ah/api/qualityapi/v1/geospatial/11.00464/-84.37702/NI/Ara ambiguus
10.4502, -84.0677 = CR
10.45325, -84.00289 = CR
https://jot-mol-qualityapi.appspot.com/_ah/api/qualityapi/v1/geospatial/10.45325/-84.00289/CR/Ara ambiguus
10.4288, -84.0128 = CR
10.31698, -84.03002 = CR
https://jot-mol-qualityapi.appspot.com/_ah/api/qualityapi/v1/geospatial/10.31698/-84.03002/CR/Ara ambiguus
10.31698, -84.03002 = CR
10.68094, -83.92875 = CR
https://jot-mol-qualityapi.appspot.com/_ah/api/qualityapi/v1/geospatial/10.68094/-83.92875/CR/Ara ambiguus
7.267, -80.484 = PA
https://jot-mol-qualityapi.appspot.com/_ah/api/qualityapi/v1/geospatial/7.267/-80.484/PA/Ara ambiguus
10.49894, -84.28438 = CR
https://jot-mol-qualityapi.appspot.com/_ah/api/qualityapi/v1/geospatial/10.49894/-84.28438/CR/Ara ambiguus
10.31634, -84.01989 = CR
https://jot-mol-qualityapi.appspot.com/_ah/api/qualityapi/v1/geospatial/10.31634/-84.01989/CR/Ara ambiguus
10.36173, -84.104 = CR
https://jot-mol-qualityapi.appspot.com/_ah/api/qualityapi/v1/geospatial/10.36173/-84.104/CR/Ara ambiguus
10.4288, -84.0128 = CR
10.31698, -84.03002 = CR
10.45325, -84.00289 = CR
10.4288, -84.0128 = CR
10.47666, -84.64491 = CR
https://jot-mol-qualityapi.appspot.com/_ah/api/qualityapi/v1/geospatial/10.47666/-84.64491/CR/Ara ambiguus
10.4502, -84.0677 = CR
10.4288, -84.0128 = CR
10.4288, -84.0128 = CR
10.31698, -84.03002 = CR
14.99578, -84.89046 = HN
https://jot-mol-qualityapi.appspot.com/_ah/api/qualityapi/v1/geospatial/14.99578/-84.89046/HN/Ara ambiguus
10.41229, -84.12505 = CR
https://jot-mol-qualityapi.appspot.com/_ah/api/qualityapi/v1/geospatial/10.41229/-84.12505/CR/Ara ambiguus
10.26399, -83.93609 = CR
https://jot-mol-qualityapi.appspot.com/_ah/api/qualityapi/v1/geospatial/10.26399/-83.93609/CR/Ara ambiguus
10.4502, -84.0677 = CR
10.4288, -84.0128 = CR
10.41229, -84.12505 = CR
10.41229, -84.12505 = CR
10.33133, -84.2473 = CR
https://jot-mol-qualityapi.appspot.com/_ah/api/qualityapi/v1/geospatial/10.33133/-84.2473/CR/Ara ambiguus
10.06764, -83.62979 = CR
https://jot-mol-qualityapi.appspot.com/_ah/api/qualityapi/v1/geospatial/10.06764/-83.62979/CR/Ara ambiguus
10.68515, -84.18112 = CR
https://jot-mol-qualityapi.appspot.com/_ah/api/qualityapi/v1/geospatial/10.68515/-84.18112/CR/Ara ambiguus
10.41229, -84.12505 = CR
10.4288, -84.0128 = CR
10.4288, -84.0128 = CR
10.4288, -84.0128 = CR
10.4288, -84.0128 = CR
10.4288, -84.0128 = CR
10.31698, -84.03002 = CR
10.4288, -84.0128 = CR
10.2435, -84.17245 = CR
https://jot-mol-qualityapi.appspot.com/_ah/api/qualityapi/v1/geospatial/10.2435/-84.17245/CR/Ara ambiguus
10.41229, -84.12505 = CR
10.46446, -84.09334 = CR
https://jot-mol-qualityapi.appspot.com/_ah/api/qualityapi/v1/geospatial/10.46446/-84.09334/CR/Ara ambiguus
10.4288, -84.0128 = CR
11.14375, -84.42794 = NI
https://jot-mol-qualityapi.appspot.com/_ah/api/qualityapi/v1/geospatial/11.14375/-84.42794/NI/Ara ambiguus
10.4288, -84.0128 = CR
10.4502, -84.0677 = CR
11.13566, -84.43996 = NI
https://jot-mol-qualityapi.appspot.com/_ah/api/qualityapi/v1/geospatial/11.13566/-84.43996/NI/Ara ambiguus
10.31698, -84.03002 = CR
10.26128, -84.15836 = CR
https://jot-mol-qualityapi.appspot.com/_ah/api/qualityapi/v1/geospatial/10.26128/-84.15836/CR/Ara ambiguus
11.13566, -84.43996 = NI
10.68515, -84.18112 = CR
10.4288, -84.0128 = CR
14.42644, -85.28944 = HN
https://jot-mol-qualityapi.appspot.com/_ah/api/qualityapi/v1/geospatial/14.42644/-85.28944/HN/Ara ambiguus
10.41562, -84.12078 = CR
10.68515, -84.18112 = CR
10.4288, -84.0128 = CR
10.68515, -84.18112 = CR
10.78593, -84.19184 = CR
https://jot-mol-qualityapi.appspot.com/_ah/api/qualityapi/v1/geospatial/10.78593/-84.19184/CR/Ara ambiguus
10.08416, -84.0099 = CR
https://jot-mol-qualityapi.appspot.com/_ah/api/qualityapi/v1/geospatial/10.08416/-84.0099/CR/Ara ambiguus
10.4288, -84.0128 = CR
10.4288, -84.0128 = CR
10.44899, -84.09262 = CR
https://jot-mol-qualityapi.appspot.com/_ah/api/qualityapi/v1/geospatial/10.44899/-84.09262/CR/Ara ambiguus
10.4288, -84.0128 = CR
10.4288, -84.0128 = CR
10.53861, -83.5025 = CR
10.68636, -84.20616 = CR
10.68515, -84.18112 = CR
10.68515, -84.18112 = CR
10.52621, -83.62784 = CR
https://jot-mol-qualityapi.appspot.com/_ah/api/qualityapi/v1/geospatial/10.52621/-83.62784/CR/Ara ambiguus
7.49524, -76.8528 = CO
https://jot-mol-qualityapi.appspot.com/_ah/api/qualityapi/v1/geospatial/7.49524/-76.8528/CO/Ara ambiguus
10.41562, -84.12078 = CR
7.49524, -76.8528 = CO
10.68636, -84.20616 = CR
10.41562, -84.12078 = CR
10.43127, -84.00413 = CR
https://jot-mol-qualityapi.appspot.com/_ah/api/qualityapi/v1/geospatial/10.43127/-84.00413/CR/Ara ambiguus
10.4288, -84.0128 = CR
10.68636, -84.20616 = CR
10.4288, -84.0128 = CR
10.43244, -83.67754 = CR
https://jot-mol-qualityapi.appspot.com/_ah/api/qualityapi/v1/geospatial/10.43244/-83.67754/CR/Ara ambiguus
10.4288, -84.0128 = CR
10.43244, -83.67754 = CR
10.44088, -84.0061 = CR
https://jot-mol-qualityapi.appspot.com/_ah/api/qualityapi/v1/geospatial/10.44088/-84.0061/CR/Ara ambiguus
10.43768, -84.00473 = CR
https://jot-mol-qualityapi.appspot.com/_ah/api/qualityapi/v1/geospatial/10.43768/-84.00473/CR/Ara ambiguus
10.4288, -84.0128 = CR
10.45523, -84.00773 = CR
https://jot-mol-qualityapi.appspot.com/_ah/api/qualityapi/v1/geospatial/10.45523/-84.00773/CR/Ara ambiguus
10.4288, -84.0128 = CR
10.4288, -84.0128 = CR
10.4288, -84.0128 = CR
10.4288, -84.0128 = CR
10.4288, -84.0128 = CR
10.4288, -84.0128 = CR
10.4288, -84.0128 = CR
10.4288, -84.0128 = CR
10.4288, -84.0128 = CR
10.4288, -84.0128 = CR
10.4502, -84.0677 = CR
10.4502, -84.0677 = CR
10.44051, -84.06877 = CR
https://jot-mol-qualityapi.appspot.com/_ah/api/qualityapi/v1/geospatial/10.44051/-84.06877/CR/Ara ambiguus
10.68636, -84.20616 = CR
10.4288, -84.0128 = CR
10.4288, -84.0128 = CR
10.97431, -84.33826 = NI
https://jot-mol-qualityapi.appspot.com/_ah/api/qualityapi/v1/geospatial/10.97431/-84.33826/NI/Ara ambiguus
10.46446, -84.09334 = CR
10.4288, -84.0128 = CR
10.4288, -84.0128 = CR
10.4288, -84.0128 = CR
10.40714, -83.97245 = CR
https://jot-mol-qualityapi.appspot.com/_ah/api/qualityapi/v1/geospatial/10.40714/-83.97245/CR/Ara ambiguus
10.4288, -84.0128 = CR
10.4288, -84.0128 = CR
10.68636, -84.20616 = CR
10.4288, -84.0128 = CR
10.4288, -84.0128 = CR
10.4288, -84.0128 = CR
10.68515, -84.18112 = CR
10.4288, -84.0128 = CR
10.4288, -84.0128 = CR
10.68515, -84.18112 = CR
10.4288, -84.0128 = CR
10.68515, -84.18112 = CR
10.4288, -84.0128 = CR
10.4288, -84.0128 = CR
10.4288, -84.0128 = CR
10.43587, -84.04466 = CR
10.42569, -84.02618 = CR
https://jot-mol-qualityapi.appspot.com/_ah/api/qualityapi/v1/geospatial/10.42569/-84.02618/CR/Ara ambiguus
10.4288, -84.0128 = CR
10.4288, -84.0128 = CR
10.4288, -84.0128 = CR
10.4288, -84.0128 = CR
10.4502, -84.0677 = CR
10.4502, -84.0677 = CR
10.4502, -84.0677 = CR
10.68636, -84.20616 = CR
10.53861, -83.5025 = CR
10.53861, -83.5025 = CR
10.4288, -84.0128 = CR
10.4288, -84.0128 = CR
10.4288, -84.0128 = CR
10.4288, -84.0128 = CR
10.46542, -84.07871 = CR
https://jot-mol-qualityapi.appspot.com/_ah/api/qualityapi/v1/geospatial/10.46542/-84.07871/CR/Ara ambiguus
11.00464, -84.37702 = NI
10.43587, -84.04466 = CR
10.46446, -84.09334 = CR
10.4288, -84.0128 = CR
10.4288, -84.0128 = CR
10.45724, -84.08071 = CR
https://jot-mol-qualityapi.appspot.com/_ah/api/qualityapi/v1/geospatial/10.45724/-84.08071/CR/Ara ambiguus
10.4502, -84.0677 = CR
10.43144, -84.00433 = CR
https://jot-mol-qualityapi.appspot.com/_ah/api/qualityapi/v1/geospatial/10.43144/-84.00433/CR/Ara ambiguus
10.68636, -84.20616 = CR
10.4288, -84.0128 = CR
10.74899, -84.1951 = CR
https://jot-mol-qualityapi.appspot.com/_ah/api/qualityapi/v1/geospatial/10.74899/-84.1951/CR/Ara ambiguus
10.57132, -83.51952 = CR
https://jot-mol-qualityapi.appspot.com/_ah/api/qualityapi/v1/geospatial/10.57132/-83.51952/CR/Ara ambiguus
10.4288, -84.0128 = CR
-2.18118, -80.02106 = EC
https://jot-mol-qualityapi.appspot.com/_ah/api/qualityapi/v1/geospatial/-2.18118/-80.02106/EC/Ara ambiguus
10.53861, -83.5025 = CR
10.4502, -84.0677 = CR
10.45485, -84.037 = CR
https://jot-mol-qualityapi.appspot.com/_ah/api/qualityapi/v1/geospatial/10.45485/-84.037/CR/Ara ambiguus
10.96669, -84.332 = NI
https://jot-mol-qualityapi.appspot.com/_ah/api/qualityapi/v1/geospatial/10.96669/-84.332/NI/Ara ambiguus
10.97431, -84.33826 = NI
10.96669, -84.332 = NI
10.97431, -84.33826 = NI
10.97431, -84.33826 = NI
10.97431, -84.33826 = NI
10.97431, -84.33826 = NI
10.97431, -84.33826 = NI
10.53861, -83.5025 = CR
10.97431, -84.33826 = NI
10.4288, -84.0128 = CR
10.96669, -84.332 = NI
10.97431, -84.33826 = NI
10.31698, -84.03002 = CR
10.97431, -84.33826 = NI
10.4288, -84.0128 = CR
10.97431, -84.33826 = NI
10.97431, -84.33826 = NI
10.97431, -84.33826 = NI
10.97431, -84.33826 = NI
10.4288, -84.0128 = CR
10.4502, -84.0677 = CR
10.4288, -84.0128 = CR
10.4288, -84.0128 = CR
8.36338, -80.12733 = PA
https://jot-mol-qualityapi.appspot.com/_ah/api/qualityapi/v1/geospatial/8.36338/-80.12733/PA/Ara ambiguus
8.04631, -77.88371 = PA
https://jot-mol-qualityapi.appspot.com/_ah/api/qualityapi/v1/geospatial/8.04631/-77.88371/PA/Ara ambiguus
10.12926, -83.99305 = CR
https://jot-mol-qualityapi.appspot.com/_ah/api/qualityapi/v1/geospatial/10.12926/-83.99305/CR/Ara ambiguus
10.4502, -84.0677 = CR
10.51549, -83.49335 = CR
https://jot-mol-qualityapi.appspot.com/_ah/api/qualityapi/v1/geospatial/10.51549/-83.49335/CR/Ara ambiguus
10.12926, -83.99305 = CR
8.04631, -77.88371 = PA
10.4288, -84.0128 = CR
7.77403, -77.7339 = PA
https://jot-mol-qualityapi.appspot.com/_ah/api/qualityapi/v1/geospatial/7.77403/-77.7339/PA/Ara ambiguus
10.45528, -84.00171 = CR
https://jot-mol-qualityapi.appspot.com/_ah/api/qualityapi/v1/geospatial/10.45528/-84.00171/CR/Ara ambiguus
8.04631, -77.88371 = PA
8.04631, -77.88371 = PA
10.4502, -84.0677 = CR
7.75775, -77.68422 = PA
https://jot-mol-qualityapi.appspot.com/_ah/api/qualityapi/v1/geospatial/7.75775/-77.68422/PA/Ara ambiguus
8.04631, -77.88371 = PA
10.4288, -84.0128 = CR
10.68515, -84.18112 = CR
10.44383, -84.00714 = CR
https://jot-mol-qualityapi.appspot.com/_ah/api/qualityapi/v1/geospatial/10.44383/-84.00714/CR/Ara ambiguus
15.43515, -85.10937 = HN
https://jot-mol-qualityapi.appspot.com/_ah/api/qualityapi/v1/geospatial/15.43515/-85.10937/HN/Ara ambiguus
10.33789, -83.94859 = CR
https://jot-mol-qualityapi.appspot.com/_ah/api/qualityapi/v1/geospatial/10.33789/-83.94859/CR/Ara ambiguus
15.6075, -84.92535 = HN
https://jot-mol-qualityapi.appspot.com/_ah/api/qualityapi/v1/geospatial/15.6075/-84.92535/HN/Ara ambiguus
10.4288, -84.0128 = CR
10.55735, -83.73831 = CR
https://jot-mol-qualityapi.appspot.com/_ah/api/qualityapi/v1/geospatial/10.55735/-83.73831/CR/Ara ambiguus
10.44383, -84.00714 = CR
10.35214, -83.97182 = CR
https://jot-mol-qualityapi.appspot.com/_ah/api/qualityapi/v1/geospatial/10.35214/-83.97182/CR/Ara ambiguus
10.43129, -84.00634 = CR
https://jot-mol-qualityapi.appspot.com/_ah/api/qualityapi/v1/geospatial/10.43129/-84.00634/CR/Ara ambiguus
10.4288, -84.0128 = CR
10.4308, -84.0063 = CR
https://jot-mol-qualityapi.appspot.com/_ah/api/qualityapi/v1/geospatial/10.4308/-84.0063/CR/Ara ambiguus
10.4288, -84.0128 = CR
10.4288, -84.0128 = CR
10.33037, -83.95803 = CR
https://jot-mol-qualityapi.appspot.com/_ah/api/qualityapi/v1/geospatial/10.33037/-83.95803/CR/Ara ambiguus
10.49591, -83.92731 = CR
https://jot-mol-qualityapi.appspot.com/_ah/api/qualityapi/v1/geospatial/10.49591/-83.92731/CR/Ara ambiguus
10.68636, -84.20616 = CR
15.4914, -84.96071 = HN
https://jot-mol-qualityapi.appspot.com/_ah/api/qualityapi/v1/geospatial/15.4914/-84.96071/HN/Ara ambiguus
10.4288, -84.0128 = CR
10.4288, -84.0128 = CR
10.4308, -84.0063 = CR
10.55735, -83.73831 = CR
15.54301, -84.9868 = HN
https://jot-mol-qualityapi.appspot.com/_ah/api/qualityapi/v1/geospatial/15.54301/-84.9868/HN/Ara ambiguus
10.55735, -83.73831 = CR
10.4288, -84.0128 = CR
10.46446, -84.09334 = CR
10.4288, -84.0128 = CR
10.53861, -83.5025 = CR
10.4288, -84.0128 = CR
10.4288, -84.0128 = CR
10.46446, -84.09334 = CR
10.53861, -83.5025 = CR
10.4288, -84.0128 = CR
10.4502, -84.0677 = CR
10.4308, -84.0063 = CR
10.4288, -84.0128 = CR
10.4288, -84.0128 = CR
10.3515, -83.97227 = CR
https://jot-mol-qualityapi.appspot.com/_ah/api/qualityapi/v1/geospatial/10.3515/-83.97227/CR/Ara ambiguus
10.4288, -84.0128 = CR
10.4288, -84.0128 = CR
10.4502, -84.0677 = CR
10.4288, -84.0128 = CR
10.4288, -84.0128 = CR
10.4288, -84.0128 = CR
10.4288, -84.0128 = CR
10.53861, -83.5025 = CR
10.4288, -84.0128 = CR
10.47127, -84.0686 = CR
https://jot-mol-qualityapi.appspot.com/_ah/api/qualityapi/v1/geospatial/10.47127/-84.0686/CR/Ara ambiguus
10.32563, -84.0231 = CR
https://jot-mol-qualityapi.appspot.com/_ah/api/qualityapi/v1/geospatial/10.32563/-84.0231/CR/Ara ambiguus
10.4288, -84.0128 = CR
10.4288, -84.0128 = CR
10.33877, -83.99932 = CR
https://jot-mol-qualityapi.appspot.com/_ah/api/qualityapi/v1/geospatial/10.33877/-83.99932/CR/Ara ambiguus
10.33877, -83.99932 = CR
10.32062, -84.02567 = CR
https://jot-mol-qualityapi.appspot.com/_ah/api/qualityapi/v1/geospatial/10.32062/-84.02567/CR/Ara ambiguus
10.4288, -84.0128 = CR
10.68515, -84.18112 = CR
10.32563, -84.0231 = CR
10.4288, -84.0128 = CR
10.32062, -84.02567 = CR
10.4288, -84.0128 = CR
10.28173, -84.04489 = CR
https://jot-mol-qualityapi.appspot.com/_ah/api/qualityapi/v1/geospatial/10.28173/-84.04489/CR/Ara ambiguus
10.97431, -84.33826 = NI
10.28173, -84.04489 = CR
10.29271, -84.01039 = CR
https://jot-mol-qualityapi.appspot.com/_ah/api/qualityapi/v1/geospatial/10.29271/-84.01039/CR/Ara ambiguus
10.41562, -84.12078 = CR
10.28173, -84.04489 = CR
10.28173, -84.04489 = CR
10.68515, -84.18112 = CR
10.45531, -84.19184 = CR
https://jot-mol-qualityapi.appspot.com/_ah/api/qualityapi/v1/geospatial/10.45531/-84.19184/CR/Ara ambiguus
10.45531, -84.19184 = CR
10.28173, -84.04489 = CR
10.4288, -84.0128 = CR
10.4288, -84.0128 = CR
10.4288, -84.0128 = CR
10.28173, -84.04489 = CR
10.4288, -84.0128 = CR
10.68515, -84.18112 = CR
10.68515, -84.18112 = CR
10.4288, -84.0128 = CR
10.28173, -84.04489 = CR
10.28173, -84.04489 = CR
10.58532, -83.52189 = CR
https://jot-mol-qualityapi.appspot.com/_ah/api/qualityapi/v1/geospatial/10.58532/-83.52189/CR/Ara ambiguus
10.28173, -84.04489 = CR
10.28173, -84.04489 = CR
10.28173, -84.04489 = CR
10.28173, -84.04489 = CR
10.28173, -84.04489 = CR
10.28173, -84.04489 = CR
10.28173, -84.04489 = CR
10.28173, -84.04489 = CR
10.28173, -84.04489 = CR
10.28173, -84.04489 = CR
10.28173, -84.04489 = CR
10.28173, -84.04489 = CR
10.46446, -84.09334 = CR
10.4288, -84.0128 = CR
10.4288, -84.0128 = CR
10.4288, -84.0128 = CR
10.4288, -84.0128 = CR
10.4288, -84.0128 = CR
10.4288, -84.0128 = CR
10.56026, -83.51695 = CR
https://jot-mol-qualityapi.appspot.com/_ah/api/qualityapi/v1/geospatial/10.56026/-83.51695/CR/Ara ambiguus
10.68636, -84.20616 = CR
10.4288, -84.0128 = CR
10.4288, -84.0128 = CR
10.46891, -84.0976 = CR
https://jot-mol-qualityapi.appspot.com/_ah/api/qualityapi/v1/geospatial/10.46891/-84.0976/CR/Ara ambiguus
10.4288, -84.0128 = CR
10.56026, -83.51695 = CR
10.68636, -84.20616 = CR
10.4288, -84.0128 = CR
10.46446, -84.09334 = CR
10.4288, -84.0128 = CR
10.35694, -84.78972 = CR
https://jot-mol-qualityapi.appspot.com/_ah/api/qualityapi/v1/geospatial/10.35694/-84.78972/CR/Ara ambiguus
10.4288, -84.0128 = CR
10.4288, -84.0128 = CR
10.4288, -84.0128 = CR
10.4288, -84.0128 = CR
10.4288, -84.0128 = CR
10.4288, -84.0128 = CR
10.20354, -83.83981 = CR
https://jot-mol-qualityapi.appspot.com/_ah/api/qualityapi/v1/geospatial/10.20354/-83.83981/CR/Ara ambiguus
10.4288, -84.0128 = CR
10.68636, -84.20616 = CR
10.4288, -84.0128 = CR
10.52747, -83.51151 = CR
https://jot-mol-qualityapi.appspot.com/_ah/api/qualityapi/v1/geospatial/10.52747/-83.51151/CR/Ara ambiguus
10.52747, -83.51151 = CR
10.4288, -84.0128 = CR
10.4288, -84.0128 = CR
10.4157, -84.1209 = CR
https://jot-mol-qualityapi.appspot.com/_ah/api/qualityapi/v1/geospatial/10.4157/-84.1209/CR/Ara ambiguus
10.4341, -84.0022 = CR
https://jot-mol-qualityapi.appspot.com/_ah/api/qualityapi/v1/geospatial/10.4341/-84.0022/CR/Ara ambiguus
10.4308, -84.0063 = CR
10.45319, -84.01792 = CR
https://jot-mol-qualityapi.appspot.com/_ah/api/qualityapi/v1/geospatial/10.45319/-84.01792/CR/Ara ambiguus
10.4341, -84.0022 = CR
10.4308, -84.0063 = CR
10.4308, -84.0063 = CR
10.4288, -84.0128 = CR
10.4288, -84.0128 = CR
10.4288, -84.0128 = CR
10.4288, -84.0128 = CR
10.4288, -84.0128 = CR
10.4288, -84.0128 = CR
10.4288, -84.0128 = CR
10.4288, -84.0128 = CR
10.4288, -84.0128 = CR
10.4288, -84.0128 = CR
10.28173, -84.04489 = CR
10.4288, -84.0128 = CR
10.4288, -84.0128 = CR
10.4288, -84.0128 = CR
10.4288, -84.0128 = CR
10.4288, -84.0128 = CR
10.4288, -84.0128 = CR
10.4288, -84.0128 = CR
10.4288, -84.0128 = CR
10.4288, -84.0128 = CR
10.4288, -84.0128 = CR
10.4288, -84.0128 = CR
10.4288, -84.0128 = CR
10.4288, -84.0128 = CR
10.4288, -84.0128 = CR
10.4288, -84.0128 = CR
10.4288, -84.0128 = CR
10.4288, -84.0128 = CR
10.4288, -84.0128 = CR
10.4502, -84.0677 = CR
10.4288, -84.0128 = CR
10.4288, -84.0128 = CR
10.4288, -84.0128 = CR
10.4288, -84.0128 = CR
10.4288, -84.0128 = CR
10.4288, -84.0128 = CR
7.81192, -77.51695 = PA
https://jot-mol-qualityapi.appspot.com/_ah/api/qualityapi/v1/geospatial/7.81192/-77.51695/PA/Ara ambiguus
10.4288, -84.0128 = CR
10.55735, -83.73831 = CR
10.4288, -84.0128 = CR
10.4288, -84.0128 = CR
10.57316, -84.03556 = CR
https://jot-mol-qualityapi.appspot.com/_ah/api/qualityapi/v1/geospatial/10.57316/-84.03556/CR/Ara ambiguus
10.4288, -84.0128 = CR
10.4288, -84.0128 = CR
10.4288, -84.0128 = CR
10.4288, -84.0128 = CR
10.4288, -84.0128 = CR
10.4288, -84.0128 = CR
10.4288, -84.0128 = CR
7.83549, -77.61566 = PA
https://jot-mol-qualityapi.appspot.com/_ah/api/qualityapi/v1/geospatial/7.83549/-77.61566/PA/Ara ambiguus
10.4288, -84.0128 = CR
10.4288, -84.0128 = CR
10.4308, -84.0063 = CR
10.4288, -84.0128 = CR
10.4288, -84.0128 = CR
10.4288, -84.0128 = CR
10.4288, -84.0128 = CR
10.4288, -84.0128 = CR
10.4288, -84.0128 = CR
10.4308, -84.0063 = CR
10.4288, -84.0128 = CR
10.55735, -83.73831 = CR
10.57316, -84.03556 = CR
10.4288, -84.0128 = CR
10.4288, -84.0128 = CR
10.4288, -84.0128 = CR
10.42569, -84.02618 = CR
10.4288, -84.0128 = CR
10.33877, -83.99932 = CR
10.3516, -83.972 = CR
https://jot-mol-qualityapi.appspot.com/_ah/api/qualityapi/v1/geospatial/10.3516/-83.972/CR/Ara ambiguus
10.4288, -84.0128 = CR
10.4288, -84.0128 = CR
10.33877, -83.99932 = CR
10.4288, -84.0128 = CR
10.4516, -84.1211 = CR
10.45143, -84.06095 = CR
https://jot-mol-qualityapi.appspot.com/_ah/api/qualityapi/v1/geospatial/10.45143/-84.06095/CR/Ara ambiguus
10.45012, -84.06351 = CR
https://jot-mol-qualityapi.appspot.com/_ah/api/qualityapi/v1/geospatial/10.45012/-84.06351/CR/Ara ambiguus
10.77901, -84.15167 = CR
https://jot-mol-qualityapi.appspot.com/_ah/api/qualityapi/v1/geospatial/10.77901/-84.15167/CR/Ara ambiguus
7.75594, -77.68493 = PA
https://jot-mol-qualityapi.appspot.com/_ah/api/qualityapi/v1/geospatial/7.75594/-77.68493/PA/Ara ambiguus
10.4517, -84.06719 = CR
https://jot-mol-qualityapi.appspot.com/_ah/api/qualityapi/v1/geospatial/10.4517/-84.06719/CR/Ara ambiguus
10.4502, -84.0677 = CR
10.4288, -84.0128 = CR
10.64239, -84.19167 = CR
https://jot-mol-qualityapi.appspot.com/_ah/api/qualityapi/v1/geospatial/10.64239/-84.19167/CR/Ara ambiguus
10.45222, -84.06146 = CR
https://jot-mol-qualityapi.appspot.com/_ah/api/qualityapi/v1/geospatial/10.45222/-84.06146/CR/Ara ambiguus
10.4288, -84.0128 = CR
7.88515, -77.60742 = PA
https://jot-mol-qualityapi.appspot.com/_ah/api/qualityapi/v1/geospatial/7.88515/-77.60742/PA/Ara ambiguus
10.4288, -84.0128 = CR
10.4288, -84.0128 = CR
10.4288, -84.0128 = CR
10.44494, -84.00919 = CR
https://jot-mol-qualityapi.appspot.com/_ah/api/qualityapi/v1/geospatial/10.44494/-84.00919/CR/Ara ambiguus
10.4288, -84.0128 = CR
10.4288, -84.0128 = CR
10.4419, -83.54004 = CR
https://jot-mol-qualityapi.appspot.com/_ah/api/qualityapi/v1/geospatial/10.4419/-83.54004/CR/Ara ambiguus
10.4288, -84.0128 = CR
7.88515, -77.60742 = PA
10.4288, -84.0128 = CR
10.4502, -84.0677 = CR
10.4288, -84.0128 = CR
7.88515, -77.60742 = PA
10.4308, -84.0063 = CR
10.4288, -84.0128 = CR
10.4502, -84.0677 = CR
10.4288, -84.0128 = CR
10.56251, -83.51186 = CR
https://jot-mol-qualityapi.appspot.com/_ah/api/qualityapi/v1/geospatial/10.56251/-83.51186/CR/Ara ambiguus
10.4288, -84.0128 = CR
10.4288, -84.0128 = CR
10.42805, -84.01623 = CR
https://jot-mol-qualityapi.appspot.com/_ah/api/qualityapi/v1/geospatial/10.42805/-84.01623/CR/Ara ambiguus
10.45132, -84.06965 = CR
7.99761, -77.75205 = PA
https://jot-mol-qualityapi.appspot.com/_ah/api/qualityapi/v1/geospatial/7.99761/-77.75205/PA/Ara ambiguus
7.99761, -77.75205 = PA
10.75776, -84.22256 = CR
https://jot-mol-qualityapi.appspot.com/_ah/api/qualityapi/v1/geospatial/10.75776/-84.22256/CR/Ara ambiguus
7.99761, -77.75205 = PA
10.4288, -84.0128 = CR
7.99761, -77.75205 = PA
7.99761, -77.75205 = PA
10.4288, -84.0128 = CR
10.4288, -84.0128 = CR
10.4288, -84.0128 = CR
10.45367, -84.00352 = CR
https://jot-mol-qualityapi.appspot.com/_ah/api/qualityapi/v1/geospatial/10.45367/-84.00352/CR/Ara ambiguus
10.4288, -84.0128 = CR
10.4288, -84.0128 = CR
9.84665, -83.59624 = CR
https://jot-mol-qualityapi.appspot.com/_ah/api/qualityapi/v1/geospatial/9.84665/-83.59624/CR/Ara ambiguus
10.4288, -84.0128 = CR
10.4288, -84.0128 = CR
10.4288, -84.0128 = CR
10.4288, -84.0128 = CR
10.68515, -84.18112 = CR
10.44051, -84.06877 = CR
10.53861, -83.5025 = CR
10.4288, -84.0128 = CR
10.53861, -83.5025 = CR
10.4288, -84.0128 = CR
10.28173, -84.04489 = CR
10.9828, -84.3362 = NI
https://jot-mol-qualityapi.appspot.com/_ah/api/qualityapi/v1/geospatial/10.9828/-84.3362/NI/Ara ambiguus
10.28173, -84.04489 = CR
10.4308, -84.0063 = CR
10.28173, -84.04489 = CR
10.4288, -84.0128 = CR
9.99195, -84.11996 = CR
https://jot-mol-qualityapi.appspot.com/_ah/api/qualityapi/v1/geospatial/9.99195/-84.11996/CR/Ara ambiguus
10.4502, -84.0677 = CR
10.973, -84.33835 = NI
https://jot-mol-qualityapi.appspot.com/_ah/api/qualityapi/v1/geospatial/10.973/-84.33835/NI/Ara ambiguus
10.973, -84.33835 = NI
10.28173, -84.04489 = CR
10.973, -84.33835 = NI
10.973, -84.33835 = NI
10.59008, -84.12231 = CR
https://jot-mol-qualityapi.appspot.com/_ah/api/qualityapi/v1/geospatial/10.59008/-84.12231/CR/Ara ambiguus
10.4502, -84.0677 = CR
10.4288, -84.0128 = CR
10.4308, -84.0063 = CR
10.4288, -84.0128 = CR
10.973, -84.33835 = NI
9.69451, -84.36058 = CR
https://jot-mol-qualityapi.appspot.com/_ah/api/qualityapi/v1/geospatial/9.69451/-84.36058/CR/Ara ambiguus
10.4288, -84.0128 = CR
10.973, -84.33835 = NI
10.4288, -84.0128 = CR
10.4288, -84.0128 = CR
10.4288, -84.0128 = CR
10.4288, -84.0128 = CR
10.4288, -84.0128 = CR
10.4288, -84.0128 = CR
10.4288, -84.0128 = CR
10.4288, -84.0128 = CR
10.4288, -84.0128 = CR
10.68515, -84.18112 = CR
10.68515, -84.18112 = CR
10.4288, -84.0128 = CR
10.4288, -84.0128 = CR
10.4288, -84.0128 = CR
10.4288, -84.0128 = CR
10.4288, -84.0128 = CR
10.68515, -84.18112 = CR
10.68515, -84.18112 = CR
10.4288, -84.0128 = CR
10.68515, -84.18112 = CR
10.4288, -84.0128 = CR
10.4288, -84.0128 = CR
10.68515, -84.18112 = CR
10.4288, -84.0128 = CR
10.68515, -84.18112 = CR
10.4288, -84.0128 = CR
10.68515, -84.18112 = CR
10.4288, -84.0128 = CR
10.1746, -83.93044 = CR
https://jot-mol-qualityapi.appspot.com/_ah/api/qualityapi/v1/geospatial/10.1746/-83.93044/CR/Ara ambiguus
10.68515, -84.18112 = CR
10.4288, -84.0128 = CR
10.68515, -84.18112 = CR
10.68515, -84.18112 = CR
10.68515, -84.18112 = CR
10.68515, -84.18112 = CR
10.30258, -84.03424 = CR
https://jot-mol-qualityapi.appspot.com/_ah/api/qualityapi/v1/geospatial/10.30258/-84.03424/CR/Ara ambiguus
10.68515, -84.18112 = CR
10.68515, -84.18112 = CR
10.4288, -84.0128 = CR
10.4288, -84.0128 = CR
10.4502, -84.0677 = CR
10.4288, -84.0128 = CR
10.4288, -84.0128 = CR
10.4288, -84.0128 = CR
10.4502, -84.0677 = CR
10.68515, -84.18112 = CR
10.6767, -84.2238 = CR
https://jot-mol-qualityapi.appspot.com/_ah/api/qualityapi/v1/geospatial/10.6767/-84.2238/CR/Ara ambiguus
10.4516, -84.1211 = CR
10.6767, -84.2238 = CR
10.6767, -84.2238 = CR
10.4502, -84.0677 = CR
10.4392, -83.97949 = CR
https://jot-mol-qualityapi.appspot.com/_ah/api/qualityapi/v1/geospatial/10.4392/-83.97949/CR/Ara ambiguus
10.4288, -84.0128 = CR
10.21556, -84.16194 = CR
https://jot-mol-qualityapi.appspot.com/_ah/api/qualityapi/v1/geospatial/10.21556/-84.16194/CR/Ara ambiguus
10.4288, -84.0128 = CR
10.4288, -84.0128 = CR
10.44325, -84.00593 = CR
https://jot-mol-qualityapi.appspot.com/_ah/api/qualityapi/v1/geospatial/10.44325/-84.00593/CR/Ara ambiguus
10.4288, -84.0128 = CR
10.43126, -84.00362 = CR
https://jot-mol-qualityapi.appspot.com/_ah/api/qualityapi/v1/geospatial/10.43126/-84.00362/CR/Ara ambiguus
10.973, -84.33835 = NI
10.973, -84.33835 = NI
10.973, -84.33835 = NI
10.4288, -84.0128 = CR
10.44077, -84.00893 = CR
https://jot-mol-qualityapi.appspot.com/_ah/api/qualityapi/v1/geospatial/10.44077/-84.00893/CR/Ara ambiguus
10.4288, -84.0128 = CR
10.44077, -84.00893 = CR
7.77087, -77.43713 = PA
https://jot-mol-qualityapi.appspot.com/_ah/api/qualityapi/v1/geospatial/7.77087/-77.43713/PA/Ara ambiguus
7.77087, -77.43713 = PA
7.77087, -77.43713 = PA
7.77087, -77.43713 = PA
10.68515, -84.18112 = CR
10.68515, -84.18112 = CR
10.4288, -84.0128 = CR
10.41562, -84.12078 = CR
10.44051, -84.06877 = CR
10.68515, -84.18112 = CR
10.74167, -84.18333 = CR
https://jot-mol-qualityapi.appspot.com/_ah/api/qualityapi/v1/geospatial/10.74167/-84.18333/CR/Ara ambiguus
10.46446, -84.09334 = CR
10.4288, -84.0128 = CR
10.44932, -84.06532 = CR
https://jot-mol-qualityapi.appspot.com/_ah/api/qualityapi/v1/geospatial/10.44932/-84.06532/CR/Ara ambiguus
10.4288, -84.0128 = CR
10.21433, -83.78835 = CR
https://jot-mol-qualityapi.appspot.com/_ah/api/qualityapi/v1/geospatial/10.21433/-83.78835/CR/Ara ambiguus
10.2183, -83.9043 = CR
https://jot-mol-qualityapi.appspot.com/_ah/api/qualityapi/v1/geospatial/10.2183/-83.9043/CR/Ara ambiguus
10.01889, -83.56613 = CR
https://jot-mol-qualityapi.appspot.com/_ah/api/qualityapi/v1/geospatial/10.01889/-83.56613/CR/Ara ambiguus
10.973, -84.33835 = NI
10.4288, -84.0128 = CR
10.973, -84.33835 = NI
10.973, -84.33835 = NI
11.03772, -84.29748 = NI
https://jot-mol-qualityapi.appspot.com/_ah/api/qualityapi/v1/geospatial/11.03772/-84.29748/NI/Ara ambiguus
11.03772, -84.29748 = NI
10.973, -84.33835 = NI
11.03772, -84.29748 = NI
10.973, -84.33835 = NI
10.42442, -84.02112 = CR
https://jot-mol-qualityapi.appspot.com/_ah/api/qualityapi/v1/geospatial/10.42442/-84.02112/CR/Ara ambiguus
11.03772, -84.29748 = NI
10.45215, -84.06122 = CR
https://jot-mol-qualityapi.appspot.com/_ah/api/qualityapi/v1/geospatial/10.45215/-84.06122/CR/Ara ambiguus
10.47676, -84.60338 = CR
https://jot-mol-qualityapi.appspot.com/_ah/api/qualityapi/v1/geospatial/10.47676/-84.60338/CR/Ara ambiguus
10.4288, -84.0128 = CR
15.72662, -84.80759 = HN
https://jot-mol-qualityapi.appspot.com/_ah/api/qualityapi/v1/geospatial/15.72662/-84.80759/HN/Ara ambiguus
10.53861, -83.5025 = CR
10.4502, -84.0677 = CR
10.68515, -84.18112 = CR
10.55, -83.5 = CR
https://jot-mol-qualityapi.appspot.com/_ah/api/qualityapi/v1/geospatial/10.55/-83.5/CR/Ara ambiguus
10.97431, -84.33826 = NI
7.83549, -77.61566 = PA
10.4288, -84.0128 = CR
7.83549, -77.61566 = PA
7.83549, -77.61566 = PA
7.861, -77.66785 = PA
https://jot-mol-qualityapi.appspot.com/_ah/api/qualityapi/v1/geospatial/7.861/-77.66785/PA/Ara ambiguus
10.4288, -84.0128 = CR
7.83549, -77.61566 = PA
7.84196, -77.61017 = PA
https://jot-mol-qualityapi.appspot.com/_ah/api/qualityapi/v1/geospatial/7.84196/-77.61017/PA/Ara ambiguus
7.89875, -77.68982 = PA
https://jot-mol-qualityapi.appspot.com/_ah/api/qualityapi/v1/geospatial/7.89875/-77.68982/PA/Ara ambiguus
7.861, -77.66785 = PA
7.83549, -77.61566 = PA
10.4288, -84.0128 = CR
10.44494, -84.01005 = CR
https://jot-mol-qualityapi.appspot.com/_ah/api/qualityapi/v1/geospatial/10.44494/-84.01005/CR/Ara ambiguus
10.973, -84.33835 = NI
10.973, -84.33835 = NI
11.03772, -84.29748 = NI
10.28173, -84.04489 = CR
11.27738, -84.29697 = NI
https://jot-mol-qualityapi.appspot.com/_ah/api/qualityapi/v1/geospatial/11.27738/-84.29697/NI/Ara ambiguus
11.14098, -84.3646 = NI
https://jot-mol-qualityapi.appspot.com/_ah/api/qualityapi/v1/geospatial/11.14098/-84.3646/NI/Ara ambiguus
10.28178, -84.04493 = CR
https://jot-mol-qualityapi.appspot.com/_ah/api/qualityapi/v1/geospatial/10.28178/-84.04493/CR/Ara ambiguus
10.53861, -83.5025 = CR
7.89875, -77.68982 = PA
10.53861, -83.5025 = CR
10.53861, -83.5025 = CR
10.30276, -84.02447 = CR
https://jot-mol-qualityapi.appspot.com/_ah/api/qualityapi/v1/geospatial/10.30276/-84.02447/CR/Ara ambiguus
10.59386, -83.52932 = CR
https://jot-mol-qualityapi.appspot.com/_ah/api/qualityapi/v1/geospatial/10.59386/-83.52932/CR/Ara ambiguus
10.21433, -83.78835 = CR
10.58447, -83.52698 = CR
https://jot-mol-qualityapi.appspot.com/_ah/api/qualityapi/v1/geospatial/10.58447/-83.52698/CR/Ara ambiguus
10.58447, -83.52698 = CR
10.45215, -84.06122 = CR
10.57132, -83.51952 = CR
10.53861, -83.5025 = CR
10.59245, -83.52871 = CR
https://jot-mol-qualityapi.appspot.com/_ah/api/qualityapi/v1/geospatial/10.59245/-83.52871/CR/Ara ambiguus
7.861, -77.66785 = PA
7.84196, -77.61017 = PA
10.58447, -83.52698 = CR
10.973, -84.33835 = NI
10.53861, -83.5025 = CR
10.53861, -83.5025 = CR
10.53861, -83.5025 = CR
10.45215, -84.06122 = CR
10.4288, -84.0128 = CR
10.45145, -84.07611 = CR
https://jot-mol-qualityapi.appspot.com/_ah/api/qualityapi/v1/geospatial/10.45145/-84.07611/CR/Ara ambiguus
10.98158, -85.42593 = CR
https://jot-mol-qualityapi.appspot.com/_ah/api/qualityapi/v1/geospatial/10.98158/-85.42593/CR/Ara ambiguus
10.30567, -84.78905 = CR
https://jot-mol-qualityapi.appspot.com/_ah/api/qualityapi/v1/geospatial/10.30567/-84.78905/CR/Ara ambiguus
10.53861, -83.5025 = CR
10.59546, -84.0 = CR
https://jot-mol-qualityapi.appspot.com/_ah/api/qualityapi/v1/geospatial/10.59546/-84.0/CR/Ara ambiguus
7.83549, -77.61566 = PA
10.12926, -83.99305 = CR
10.57132, -83.51952 = CR
10.57132, -83.51952 = CR
10.973, -84.33835 = NI
10.973, -84.33835 = NI
10.4288, -84.0128 = CR
7.83549, -77.61566 = PA
7.83549, -77.61566 = PA
10.973, -84.33835 = NI
10.4288, -84.0128 = CR
10.4288, -84.0128 = CR
10.53861, -83.5025 = CR
10.59386, -83.52932 = CR
10.45215, -84.06122 = CR
10.40948, -84.01588 = CR
https://jot-mol-qualityapi.appspot.com/_ah/api/qualityapi/v1/geospatial/10.40948/-84.01588/CR/Ara ambiguus
10.4288, -84.0128 = CR
10.40948, -84.01588 = CR
10.4288, -84.0128 = CR
7.83345, -77.64313 = PA
https://jot-mol-qualityapi.appspot.com/_ah/api/qualityapi/v1/geospatial/7.83345/-77.64313/PA/Ara ambiguus
7.83345, -77.64313 = PA
7.83345, -77.64313 = PA
7.83345, -77.64313 = PA
7.83345, -77.64313 = PA
7.83345, -77.64313 = PA
7.83345, -77.64313 = PA
7.83345, -77.64313 = PA
7.83345, -77.64313 = PA
7.83345, -77.64313 = PA
7.83345, -77.64313 = PA
7.83345, -77.64313 = PA
7.83345, -77.64313 = PA
7.83345, -77.64313 = PA
10.4288, -84.0128 = CR
9.0, -79.0 = PA
https://jot-mol-qualityapi.appspot.com/_ah/api/qualityapi/v1/geospatial/9.0/-79.0/PA/Ara ambiguus
9.0, -79.0 = PA
10.68515, -84.18112 = CR
9.57096, -85.1104 = CR
https://jot-mol-qualityapi.appspot.com/_ah/api/qualityapi/v1/geospatial/9.57096/-85.1104/CR/Ara ambiguus
10.4288, -84.0128 = CR
10.58447, -83.52698 = CR
10.4288, -84.0128 = CR
10.4288, -84.0128 = CR
10.4288, -84.0128 = CR
10.4288, -84.0128 = CR
10.4288, -84.0128 = CR
10.4288, -84.0128 = CR
10.4288, -84.0128 = CR
10.4288, -84.0128 = CR
7.861, -77.66785 = PA
7.83549, -77.61566 = PA
7.861, -77.66785 = PA
7.83549, -77.61566 = PA
7.84196, -77.61017 = PA
7.861, -77.66785 = PA
7.83549, -77.61566 = PA
7.861, -77.66785 = PA
7.84196, -77.61017 = PA
7.83549, -77.61566 = PA
10.45215, -84.06122 = CR
10.53861, -83.5025 = CR
10.4288, -84.0128 = CR
10.4288, -84.0128 = CR
10.4288, -84.0128 = CR
10.4288, -84.0128 = CR
10.43104, -84.00357 = CR
https://jot-mol-qualityapi.appspot.com/_ah/api/qualityapi/v1/geospatial/10.43104/-84.00357/CR/Ara ambiguus
7.94058, -77.70089 = PA
https://jot-mol-qualityapi.appspot.com/_ah/api/qualityapi/v1/geospatial/7.94058/-77.70089/PA/Ara ambiguus
7.94058, -77.70089 = PA
7.95086, -77.71102 = PA
https://jot-mol-qualityapi.appspot.com/_ah/api/qualityapi/v1/geospatial/7.95086/-77.71102/PA/Ara ambiguus
0.14319, -79.13468 = EC
https://jot-mol-qualityapi.appspot.com/_ah/api/qualityapi/v1/geospatial/0.14319/-79.13468/EC/Ara ambiguus
7.89875, -77.66373 = PA
https://jot-mol-qualityapi.appspot.com/_ah/api/qualityapi/v1/geospatial/7.89875/-77.66373/PA/Ara ambiguus
7.89875, -77.66373 = PA
7.89875, -77.66373 = PA
7.89875, -77.66373 = PA
10.43112, -84.00353 = CR
https://jot-mol-qualityapi.appspot.com/_ah/api/qualityapi/v1/geospatial/10.43112/-84.00353/CR/Ara ambiguus
10.45277, -84.02017 = CR
https://jot-mol-qualityapi.appspot.com/_ah/api/qualityapi/v1/geospatial/10.45277/-84.02017/CR/Ara ambiguus
10.44051, -84.06877 = CR
10.4288, -84.0128 = CR
9.9715, -83.69328 = CR
https://jot-mol-qualityapi.appspot.com/_ah/api/qualityapi/v1/geospatial/9.9715/-83.69328/CR/Ara ambiguus
10.4502, -84.0677 = CR
10.28178, -84.04493 = CR
10.54064, -83.50227 = CR
https://jot-mol-qualityapi.appspot.com/_ah/api/qualityapi/v1/geospatial/10.54064/-83.50227/CR/Ara ambiguus
10.6558, -83.59892 = CR
https://jot-mol-qualityapi.appspot.com/_ah/api/qualityapi/v1/geospatial/10.6558/-83.59892/CR/Ara ambiguus
7.74555, -77.46582 = PA
https://jot-mol-qualityapi.appspot.com/_ah/api/qualityapi/v1/geospatial/7.74555/-77.46582/PA/Ara ambiguus
10.4288, -84.0128 = CR
10.4502, -84.0677 = CR
-2.167, -80.033 = EC
https://jot-mol-qualityapi.appspot.com/_ah/api/qualityapi/v1/geospatial/-2.167/-80.033/EC/Ara ambiguus
-2.167, -80.033 = EC
-1.6, -80.7 = EC
https://jot-mol-qualityapi.appspot.com/_ah/api/qualityapi/v1/geospatial/-1.6/-80.7/EC/Ara ambiguus
-1.567, -80.717 = EC
https://jot-mol-qualityapi.appspot.com/_ah/api/qualityapi/v1/geospatial/-1.567/-80.717/EC/Ara ambiguus
-1.333, -79.583 = EC
https://jot-mol-qualityapi.appspot.com/_ah/api/qualityapi/v1/geospatial/-1.333/-79.583/EC/Ara ambiguus
6.23828, -77.38266 = CO
https://jot-mol-qualityapi.appspot.com/_ah/api/qualityapi/v1/geospatial/6.23828/-77.38266/CO/Ara ambiguus
10.16415, -83.95503 = CR
https://jot-mol-qualityapi.appspot.com/_ah/api/qualityapi/v1/geospatial/10.16415/-83.95503/CR/Ara ambiguus
10.4288, -84.0128 = CR
10.56884, -83.51633 = CR
https://jot-mol-qualityapi.appspot.com/_ah/api/qualityapi/v1/geospatial/10.56884/-83.51633/CR/Ara ambiguus
0.83333, -78.65 = EC
https://jot-mol-qualityapi.appspot.com/_ah/api/qualityapi/v1/geospatial/0.83333/-78.65/EC/Ara ambiguus
7.32, -76.42 = CO
https://jot-mol-qualityapi.appspot.com/_ah/api/qualityapi/v1/geospatial/7.32/-76.42/CO/Ara ambiguus
7.32, -76.42 = CO
7.32, -76.42 = CO
10.2667, -84.4333 = CR
https://jot-mol-qualityapi.appspot.com/_ah/api/qualityapi/v1/geospatial/10.2667/-84.4333/CR/Ara ambiguus
10.32381, -84.42714 = CR
https://jot-mol-qualityapi.appspot.com/_ah/api/qualityapi/v1/geospatial/10.32381/-84.42714/CR/Ara ambiguus
10.32381, -84.42714 = CR
Loading R functions
Loading required package: raster
Loading required package: sp
rgdal: version: 0.8-16, (SVN revision 498)
Geospatial Data Abstraction Library extensions to R successfully loaded
Loaded GDAL runtime: GDAL 1.9.0, released 2011/12/29
Path to GDAL shared files: /usr/share/gdal/1.9
Loaded PROJ.4 runtime: Rel. 4.7.1, 23 September 2009, [PJ_VERSION: 470]
Path to PROJ.4 shared files: (autodetected)
Checking rgeos availability: FALSE
 	Note: when rgeos is not available, polygon geometry 	computations in maptools depend on gpclib,
 	which has a restricted licence. It is disabled by default;
 	to enable gpclib, type gpclibPermit()
Generating Coordinate Pair Objects in R
Extracting Bioclim raster stacks
Creating Species points spatial objects
Running MaxEnt model for present data
Running MaxEnt model for future data
Generating and storing model map for present data
[1] "Map generated and stored in the file:"
[1] "map_Ara_ambiguus_present.RData"
Generating and storing model map for present data
[1] "Map generated and stored in the file:"
[1] "map_Ara_ambiguus_future.RData"
